mode: set
github.com/bzed/pgproxy/parser/dependency/hack/hack.go:22.44,29.2 6 1
github.com/bzed/pgproxy/parser/dependency/hack/hack.go:33.51,34.38 1 1
github.com/bzed/pgproxy/parser/dependency/hack/hack.go:34.38,36.3 1 1
github.com/bzed/pgproxy/parser/dependency/hack/hack.go:37.2,39.37 3 1
github.com/bzed/pgproxy/parser/dependency/hack/hack.go:43.40,45.2 1 1
github.com/bzed/pgproxy/parser/dependency/hack/hack.go:49.34,55.2 5 0
github.com/bzed/pgproxy/parser/dependency/hack/hack.go:58.45,61.2 2 0
github.com/bzed/pgproxy/parser/dependency/bson/common.go:65.65,67.2 1 1
github.com/bzed/pgproxy/parser/dependency/bson/common.go:69.37,71.2 1 1
github.com/bzed/pgproxy/parser/dependency/bson/common.go:73.30,74.30 1 1
github.com/bzed/pgproxy/parser/dependency/bson/common.go:74.30,76.3 1 1
github.com/bzed/pgproxy/parser/dependency/bson/marshal.go:28.56,32.2 3 1
github.com/bzed/pgproxy/parser/dependency/bson/marshal.go:36.29,39.2 2 1
github.com/bzed/pgproxy/parser/dependency/bson/marshal.go:51.46,53.54 1 1
github.com/bzed/pgproxy/parser/dependency/bson/marshal.go:53.54,55.21 1 1
github.com/bzed/pgproxy/parser/dependency/bson/marshal.go:56.67,57.19 1 1
github.com/bzed/pgproxy/parser/dependency/bson/marshal.go:57.19,59.5 1 1
github.com/bzed/pgproxy/parser/dependency/bson/marshal.go:61.3,61.19 1 1
github.com/bzed/pgproxy/parser/dependency/bson/marshal.go:64.2,64.19 1 1
github.com/bzed/pgproxy/parser/dependency/bson/marshal.go:64.19,65.62 1 1
github.com/bzed/pgproxy/parser/dependency/bson/marshal.go:65.62,67.4 1 1
github.com/bzed/pgproxy/parser/dependency/bson/marshal.go:69.2,69.12 1 1
github.com/bzed/pgproxy/parser/dependency/bson/marshal.go:76.69,78.49 2 1
github.com/bzed/pgproxy/parser/dependency/bson/marshal.go:78.49,80.3 1 1
github.com/bzed/pgproxy/parser/dependency/bson/marshal.go:81.2,82.12 2 1
github.com/bzed/pgproxy/parser/dependency/bson/marshal.go:86.59,90.2 3 1
github.com/bzed/pgproxy/parser/dependency/bson/marshal.go:94.78,96.16 2 1
github.com/bzed/pgproxy/parser/dependency/bson/marshal.go:96.16,98.3 1 1
github.com/bzed/pgproxy/parser/dependency/bson/marshal.go:100.2,101.50 2 1
github.com/bzed/pgproxy/parser/dependency/bson/marshal.go:101.50,104.3 2 1
github.com/bzed/pgproxy/parser/dependency/bson/marshal.go:106.2,106.18 1 1
github.com/bzed/pgproxy/parser/dependency/bson/marshal.go:110.33,111.35 1 1
github.com/bzed/pgproxy/parser/dependency/bson/marshal.go:112.22,113.27 1 1
github.com/bzed/pgproxy/parser/dependency/bson/marshal.go:113.27,115.4 1 1
github.com/bzed/pgproxy/parser/dependency/bson/marshal.go:115.9,117.4 1 1
github.com/bzed/pgproxy/parser/dependency/bson/marshal.go:118.19,119.27 1 1
github.com/bzed/pgproxy/parser/dependency/bson/marshal.go:120.36,121.28 1 1
github.com/bzed/pgproxy/parser/dependency/bson/marshal.go:121.28,123.4 1 1
github.com/bzed/pgproxy/parser/dependency/bson/marshal.go:123.9,125.4 1 1
github.com/bzed/pgproxy/parser/dependency/bson/marshal.go:126.10,127.54 1 1
github.com/bzed/pgproxy/parser/dependency/bson/marshal.go:129.2,129.12 1 1
github.com/bzed/pgproxy/parser/dependency/bson/marshal.go:134.63,138.2 3 1
github.com/bzed/pgproxy/parser/dependency/bson/marshal.go:143.74,145.2 1 1
github.com/bzed/pgproxy/parser/dependency/bson/marshal.go:147.76,149.20 1 1
github.com/bzed/pgproxy/parser/dependency/bson/marshal.go:149.20,152.3 2 1
github.com/bzed/pgproxy/parser/dependency/bson/marshal.go:153.2,153.52 1 1
github.com/bzed/pgproxy/parser/dependency/bson/marshal.go:153.52,156.3 2 1
github.com/bzed/pgproxy/parser/dependency/bson/marshal.go:158.2,158.20 1 1
github.com/bzed/pgproxy/parser/dependency/bson/marshal.go:159.22,160.39 1 1
github.com/bzed/pgproxy/parser/dependency/bson/marshal.go:161.21,162.35 1 1
github.com/bzed/pgproxy/parser/dependency/bson/marshal.go:163.21,164.42 1 1
github.com/bzed/pgproxy/parser/dependency/bson/marshal.go:165.19,166.38 1 1
github.com/bzed/pgproxy/parser/dependency/bson/marshal.go:167.22,168.45 1 1
github.com/bzed/pgproxy/parser/dependency/bson/marshal.go:169.22,170.45 1 1
github.com/bzed/pgproxy/parser/dependency/bson/marshal.go:171.20,172.41 1 1
github.com/bzed/pgproxy/parser/dependency/bson/marshal.go:173.23,174.39 1 1
github.com/bzed/pgproxy/parser/dependency/bson/marshal.go:175.20,176.35 1 1
github.com/bzed/pgproxy/parser/dependency/bson/marshal.go:177.22,178.29 1 1
github.com/bzed/pgproxy/parser/dependency/bson/marshal.go:178.29,180.4 1 1
github.com/bzed/pgproxy/parser/dependency/bson/marshal.go:180.9,182.4 1 1
github.com/bzed/pgproxy/parser/dependency/bson/marshal.go:183.19,184.27 1 1
github.com/bzed/pgproxy/parser/dependency/bson/marshal.go:185.21,186.30 1 1
github.com/bzed/pgproxy/parser/dependency/bson/marshal.go:186.30,188.4 1 1
github.com/bzed/pgproxy/parser/dependency/bson/marshal.go:188.9,190.4 1 1
github.com/bzed/pgproxy/parser/dependency/bson/marshal.go:191.38,192.18 1 1
github.com/bzed/pgproxy/parser/dependency/bson/marshal.go:192.18,194.4 1 1
github.com/bzed/pgproxy/parser/dependency/bson/marshal.go:194.9,196.4 1 1
github.com/bzed/pgproxy/parser/dependency/bson/marshal.go:197.10,198.66 1 1
github.com/bzed/pgproxy/parser/dependency/bson/marshal.go:205.78,206.15 1 1
github.com/bzed/pgproxy/parser/dependency/bson/marshal.go:206.15,208.3 1 1
github.com/bzed/pgproxy/parser/dependency/bson/marshal.go:209.2,209.31 1 1
github.com/bzed/pgproxy/parser/dependency/bson/marshal.go:213.70,218.2 4 1
github.com/bzed/pgproxy/parser/dependency/bson/marshal.go:221.70,227.2 4 1
github.com/bzed/pgproxy/parser/dependency/bson/marshal.go:230.70,235.2 4 1
github.com/bzed/pgproxy/parser/dependency/bson/marshal.go:238.68,241.2 2 1
github.com/bzed/pgproxy/parser/dependency/bson/marshal.go:244.68,247.2 2 1
github.com/bzed/pgproxy/parser/dependency/bson/marshal.go:250.64,252.2 1 1
github.com/bzed/pgproxy/parser/dependency/bson/marshal.go:255.70,258.2 2 1
github.com/bzed/pgproxy/parser/dependency/bson/marshal.go:261.70,263.2 1 1
github.com/bzed/pgproxy/parser/dependency/bson/marshal.go:266.66,268.2 1 1
github.com/bzed/pgproxy/parser/dependency/bson/marshal.go:271.72,275.2 3 1
github.com/bzed/pgproxy/parser/dependency/bson/marshal.go:278.66,280.9 2 1
github.com/bzed/pgproxy/parser/dependency/bson/marshal.go:280.9,282.3 1 1
github.com/bzed/pgproxy/parser/dependency/bson/marshal.go:282.8,284.3 1 1
github.com/bzed/pgproxy/parser/dependency/bson/marshal.go:288.71,292.2 3 1
github.com/bzed/pgproxy/parser/dependency/bson/marshal.go:294.77,297.2 2 1
github.com/bzed/pgproxy/parser/dependency/bson/marshal.go:299.72,302.36 3 1
github.com/bzed/pgproxy/parser/dependency/bson/marshal.go:302.36,307.31 2 1
github.com/bzed/pgproxy/parser/dependency/bson/marshal.go:307.31,308.12 1 1
github.com/bzed/pgproxy/parser/dependency/bson/marshal.go:310.3,310.38 1 1
github.com/bzed/pgproxy/parser/dependency/bson/marshal.go:312.2,312.19 1 1
github.com/bzed/pgproxy/parser/dependency/bson/marshal.go:315.74,318.2 2 1
github.com/bzed/pgproxy/parser/dependency/bson/marshal.go:334.69,337.39 3 1
github.com/bzed/pgproxy/parser/dependency/bson/marshal.go:337.39,338.71 1 1
github.com/bzed/pgproxy/parser/dependency/bson/marshal.go:340.2,341.25 2 1
github.com/bzed/pgproxy/parser/dependency/bson/marshal.go:341.25,344.3 2 1
github.com/bzed/pgproxy/parser/dependency/bson/marshal.go:345.2,345.19 1 1
github.com/bzed/pgproxy/parser/dependency/bson/marshal.go:348.76,351.2 2 1
github.com/bzed/pgproxy/parser/dependency/bson/marshal.go:353.71,355.33 2 1
github.com/bzed/pgproxy/parser/dependency/bson/marshal.go:355.33,357.3 1 1
github.com/bzed/pgproxy/parser/dependency/bson/marshal.go:358.2,358.19 1 1
github.com/bzed/pgproxy/parser/dependency/bson/marshal.go:361.55,363.2 1 1
github.com/bzed/pgproxy/parser/dependency/bson/marshal.go:365.55,367.2 1 1
github.com/bzed/pgproxy/parser/dependency/bson/marshal.go:375.13,376.37 1 1
github.com/bzed/pgproxy/parser/dependency/bson/marshal.go:376.37,378.3 1 1
github.com/bzed/pgproxy/parser/dependency/bson/marshal.go:381.25,382.23 1 1
github.com/bzed/pgproxy/parser/dependency/bson/marshal.go:382.23,384.3 1 1
github.com/bzed/pgproxy/parser/dependency/bson/marshal.go:385.2,385.24 1 0
github.com/bzed/pgproxy/parser/dependency/bson/marshal_util.go:19.78,20.16 1 1
github.com/bzed/pgproxy/parser/dependency/bson/marshal_util.go:20.16,23.3 2 1
github.com/bzed/pgproxy/parser/dependency/bson/marshal_util.go:24.2,24.27 1 1
github.com/bzed/pgproxy/parser/dependency/bson/marshal_util.go:25.14,26.30 1 1
github.com/bzed/pgproxy/parser/dependency/bson/marshal_util.go:27.14,28.30 1 1
github.com/bzed/pgproxy/parser/dependency/bson/marshal_util.go:29.13,30.29 1 1
github.com/bzed/pgproxy/parser/dependency/bson/marshal_util.go:31.13,32.29 1 1
github.com/bzed/pgproxy/parser/dependency/bson/marshal_util.go:33.11,34.27 1 1
github.com/bzed/pgproxy/parser/dependency/bson/marshal_util.go:35.14,36.30 1 1
github.com/bzed/pgproxy/parser/dependency/bson/marshal_util.go:37.14,38.30 1 1
github.com/bzed/pgproxy/parser/dependency/bson/marshal_util.go:39.12,40.28 1 1
github.com/bzed/pgproxy/parser/dependency/bson/marshal_util.go:41.15,42.31 1 1
github.com/bzed/pgproxy/parser/dependency/bson/marshal_util.go:43.12,44.28 1 1
github.com/bzed/pgproxy/parser/dependency/bson/marshal_util.go:45.30,46.17 1 1
github.com/bzed/pgproxy/parser/dependency/bson/marshal_util.go:46.17,49.4 2 1
github.com/bzed/pgproxy/parser/dependency/bson/marshal_util.go:50.3,52.25 3 1
github.com/bzed/pgproxy/parser/dependency/bson/marshal_util.go:52.25,54.4 1 1
github.com/bzed/pgproxy/parser/dependency/bson/marshal_util.go:55.3,55.20 1 1
github.com/bzed/pgproxy/parser/dependency/bson/marshal_util.go:56.21,57.17 1 1
github.com/bzed/pgproxy/parser/dependency/bson/marshal_util.go:57.17,60.4 2 1
github.com/bzed/pgproxy/parser/dependency/bson/marshal_util.go:61.3,63.25 3 1
github.com/bzed/pgproxy/parser/dependency/bson/marshal_util.go:63.25,65.4 1 1
github.com/bzed/pgproxy/parser/dependency/bson/marshal_util.go:66.3,66.20 1 1
github.com/bzed/pgproxy/parser/dependency/bson/marshal_util.go:67.17,68.28 1 1
github.com/bzed/pgproxy/parser/dependency/bson/marshal_util.go:69.10,70.59 1 1
github.com/bzed/pgproxy/parser/dependency/bson/marshal_util.go:75.81,76.19 1 0
github.com/bzed/pgproxy/parser/dependency/bson/marshal_util.go:76.19,79.3 2 0
github.com/bzed/pgproxy/parser/dependency/bson/marshal_util.go:80.2,82.29 3 0
github.com/bzed/pgproxy/parser/dependency/bson/marshal_util.go:82.29,84.3 1 0
github.com/bzed/pgproxy/parser/dependency/bson/marshal_util.go:85.2,85.19 1 0
github.com/bzed/pgproxy/parser/dependency/bson/unmarshal.go:25.57,28.28 1 1
github.com/bzed/pgproxy/parser/dependency/bson/unmarshal.go:28.28,30.3 1 1
github.com/bzed/pgproxy/parser/dependency/bson/unmarshal.go:31.2,31.27 1 1
github.com/bzed/pgproxy/parser/dependency/bson/unmarshal.go:31.27,32.74 1 1
github.com/bzed/pgproxy/parser/dependency/bson/unmarshal.go:32.74,34.4 1 1
github.com/bzed/pgproxy/parser/dependency/bson/unmarshal.go:36.2,36.12 1 1
github.com/bzed/pgproxy/parser/dependency/bson/unmarshal.go:40.55,42.2 1 1
github.com/bzed/pgproxy/parser/dependency/bson/unmarshal.go:45.73,49.16 4 1
github.com/bzed/pgproxy/parser/dependency/bson/unmarshal.go:49.16,51.3 1 0
github.com/bzed/pgproxy/parser/dependency/bson/unmarshal.go:52.2,52.12 1 1
github.com/bzed/pgproxy/parser/dependency/bson/unmarshal.go:52.12,54.3 1 0
github.com/bzed/pgproxy/parser/dependency/bson/unmarshal.go:55.2,59.16 5 1
github.com/bzed/pgproxy/parser/dependency/bson/unmarshal.go:59.16,60.20 1 0
github.com/bzed/pgproxy/parser/dependency/bson/unmarshal.go:60.20,62.4 1 0
github.com/bzed/pgproxy/parser/dependency/bson/unmarshal.go:63.3,63.13 1 0
github.com/bzed/pgproxy/parser/dependency/bson/unmarshal.go:65.2,65.24 1 1
github.com/bzed/pgproxy/parser/dependency/bson/unmarshal.go:65.24,67.3 1 0
github.com/bzed/pgproxy/parser/dependency/bson/unmarshal.go:68.2,68.53 1 1
github.com/bzed/pgproxy/parser/dependency/bson/unmarshal.go:72.74,74.16 2 1
github.com/bzed/pgproxy/parser/dependency/bson/unmarshal.go:74.16,77.3 2 1
github.com/bzed/pgproxy/parser/dependency/bson/unmarshal.go:79.2,79.46 1 1
github.com/bzed/pgproxy/parser/dependency/bson/unmarshal.go:79.46,82.3 2 1
github.com/bzed/pgproxy/parser/dependency/bson/unmarshal.go:83.2,84.16 2 1
github.com/bzed/pgproxy/parser/dependency/bson/unmarshal.go:84.16,86.3 1 1
github.com/bzed/pgproxy/parser/dependency/bson/unmarshal.go:87.2,89.12 3 1
github.com/bzed/pgproxy/parser/dependency/bson/unmarshal.go:92.74,93.52 1 1
github.com/bzed/pgproxy/parser/dependency/bson/unmarshal.go:93.52,94.51 1 1
github.com/bzed/pgproxy/parser/dependency/bson/unmarshal.go:96.2,97.63 2 1
github.com/bzed/pgproxy/parser/dependency/bson/unmarshal.go:97.63,99.16 2 1
github.com/bzed/pgproxy/parser/dependency/bson/unmarshal.go:99.16,101.12 2 1
github.com/bzed/pgproxy/parser/dependency/bson/unmarshal.go:103.3,103.59 1 1
github.com/bzed/pgproxy/parser/dependency/bson/unmarshal.go:103.59,105.12 2 1
github.com/bzed/pgproxy/parser/dependency/bson/unmarshal.go:107.3,107.24 1 1
github.com/bzed/pgproxy/parser/dependency/bson/unmarshal.go:108.23,109.41 1 1
github.com/bzed/pgproxy/parser/dependency/bson/unmarshal.go:110.22,111.37 1 1
github.com/bzed/pgproxy/parser/dependency/bson/unmarshal.go:112.22,113.44 1 1
github.com/bzed/pgproxy/parser/dependency/bson/unmarshal.go:114.20,115.42 1 1
github.com/bzed/pgproxy/parser/dependency/bson/unmarshal.go:116.23,117.39 1 1
github.com/bzed/pgproxy/parser/dependency/bson/unmarshal.go:118.23,119.47 1 1
github.com/bzed/pgproxy/parser/dependency/bson/unmarshal.go:120.21,121.45 1 1
github.com/bzed/pgproxy/parser/dependency/bson/unmarshal.go:122.24,123.41 1 1
github.com/bzed/pgproxy/parser/dependency/bson/unmarshal.go:124.21,125.37 1 1
github.com/bzed/pgproxy/parser/dependency/bson/unmarshal.go:126.23,127.33 1 1
github.com/bzed/pgproxy/parser/dependency/bson/unmarshal.go:127.33,129.5 1 1
github.com/bzed/pgproxy/parser/dependency/bson/unmarshal.go:129.10,131.5 1 1
github.com/bzed/pgproxy/parser/dependency/bson/unmarshal.go:132.35,133.33 1 1
github.com/bzed/pgproxy/parser/dependency/bson/unmarshal.go:134.22,135.34 1 1
github.com/bzed/pgproxy/parser/dependency/bson/unmarshal.go:135.34,137.5 1 1
github.com/bzed/pgproxy/parser/dependency/bson/unmarshal.go:137.10,139.5 1 1
github.com/bzed/pgproxy/parser/dependency/bson/unmarshal.go:140.26,141.47 1 1
github.com/bzed/pgproxy/parser/dependency/bson/unmarshal.go:142.11,143.66 1 1
github.com/bzed/pgproxy/parser/dependency/bson/unmarshal.go:145.3,145.12 1 1
github.com/bzed/pgproxy/parser/dependency/bson/unmarshal.go:163.69,165.32 2 1
github.com/bzed/pgproxy/parser/dependency/bson/unmarshal.go:165.32,167.3 1 1
github.com/bzed/pgproxy/parser/dependency/bson/unmarshal.go:168.2,168.42 1 1
github.com/bzed/pgproxy/parser/dependency/bson/unmarshal.go:173.55,174.32 1 1
github.com/bzed/pgproxy/parser/dependency/bson/unmarshal.go:174.32,175.18 1 1
github.com/bzed/pgproxy/parser/dependency/bson/unmarshal.go:175.18,177.4 1 1
github.com/bzed/pgproxy/parser/dependency/bson/unmarshal.go:178.3,178.19 1 1
github.com/bzed/pgproxy/parser/dependency/bson/unmarshal.go:180.2,180.20 1 1
github.com/bzed/pgproxy/parser/dependency/bson/unmarshal.go:181.19,182.18 1 1
github.com/bzed/pgproxy/parser/dependency/bson/unmarshal.go:182.18,184.4 1 1
github.com/bzed/pgproxy/parser/dependency/bson/unmarshal.go:185.21,186.18 1 1
github.com/bzed/pgproxy/parser/dependency/bson/unmarshal.go:186.18,188.4 1 1
github.com/bzed/pgproxy/parser/dependency/bson/unmarshal.go:190.2,190.32 1 1
github.com/bzed/pgproxy/parser/dependency/bson/unmarshal.go:196.93,197.31 1 1
github.com/bzed/pgproxy/parser/dependency/bson/unmarshal.go:197.31,201.3 3 1
github.com/bzed/pgproxy/parser/dependency/bson/unmarshal.go:202.2,205.16 4 1
github.com/bzed/pgproxy/parser/dependency/bson/unmarshal.go:209.37,210.28 1 1
github.com/bzed/pgproxy/parser/dependency/bson/unmarshal.go:210.28,212.3 1 1
github.com/bzed/pgproxy/parser/dependency/bson/unmarshal.go:225.75,226.19 1 1
github.com/bzed/pgproxy/parser/dependency/bson/unmarshal.go:226.19,227.19 1 1
github.com/bzed/pgproxy/parser/dependency/bson/unmarshal.go:227.19,230.4 2 1
github.com/bzed/pgproxy/parser/dependency/bson/unmarshal.go:231.3,231.17 1 1
github.com/bzed/pgproxy/parser/dependency/bson/unmarshal.go:233.2,233.28 1 1
github.com/bzed/pgproxy/parser/dependency/bson/unmarshal.go:234.22,236.37 2 1
github.com/bzed/pgproxy/parser/dependency/bson/unmarshal.go:236.37,237.28 1 1
github.com/bzed/pgproxy/parser/dependency/bson/unmarshal.go:237.28,238.21 1 1
github.com/bzed/pgproxy/parser/dependency/bson/unmarshal.go:238.21,241.6 2 1
github.com/bzed/pgproxy/parser/dependency/bson/unmarshal.go:242.5,242.49 1 1
github.com/bzed/pgproxy/parser/dependency/bson/unmarshal.go:245.3,245.13 1 1
github.com/bzed/pgproxy/parser/dependency/bson/unmarshal.go:246.19,248.39 2 1
github.com/bzed/pgproxy/parser/dependency/bson/unmarshal.go:248.39,249.59 1 1
github.com/bzed/pgproxy/parser/dependency/bson/unmarshal.go:251.3,252.19 2 1
github.com/bzed/pgproxy/parser/dependency/bson/unmarshal.go:252.19,256.4 3 1
github.com/bzed/pgproxy/parser/dependency/bson/unmarshal.go:257.3,257.53 1 1
github.com/bzed/pgproxy/parser/dependency/bson/unmarshal.go:258.21,259.41 1 1
github.com/bzed/pgproxy/parser/dependency/bson/unmarshal.go:259.41,260.70 1 1
github.com/bzed/pgproxy/parser/dependency/bson/unmarshal.go:262.3,264.19 3 1
github.com/bzed/pgproxy/parser/dependency/bson/unmarshal.go:264.19,267.4 2 1
github.com/bzed/pgproxy/parser/dependency/bson/unmarshal.go:268.3,268.49 1 1
github.com/bzed/pgproxy/parser/dependency/bson/unmarshal.go:269.21,272.19 3 1
github.com/bzed/pgproxy/parser/dependency/bson/unmarshal.go:272.19,274.4 1 1
github.com/bzed/pgproxy/parser/dependency/bson/unmarshal.go:275.3,275.67 1 1
github.com/bzed/pgproxy/parser/dependency/bson/unmarshal.go:278.2,278.80 1 0
github.com/bzed/pgproxy/parser/dependency/bson/unmarshal.go:281.31,283.2 1 1
github.com/bzed/pgproxy/parser/dependency/bson/unmarshal.go:285.46,287.2 1 1
github.com/bzed/pgproxy/parser/dependency/bson/unmarshal.go:289.48,291.2 1 1
github.com/bzed/pgproxy/parser/dependency/bson/unmarshal.go:293.50,295.2 1 1
github.com/bzed/pgproxy/parser/dependency/bson/unmarshal.go:297.50,299.2 1 1
github.com/bzed/pgproxy/parser/dependency/bson/unmarshal.go:301.47,303.2 1 1
github.com/bzed/pgproxy/parser/dependency/bson/unmarshal.go:305.51,307.2 1 1
github.com/bzed/pgproxy/parser/dependency/bson/unmarshal.go:309.49,311.2 1 1
github.com/bzed/pgproxy/parser/dependency/bson/unmarshal.go:313.58,315.2 1 1
github.com/bzed/pgproxy/parser/dependency/bson/unmarshal_util.go:20.30,21.35 1 1
github.com/bzed/pgproxy/parser/dependency/bson/unmarshal_util.go:21.35,22.51 1 0
github.com/bzed/pgproxy/parser/dependency/bson/unmarshal_util.go:28.56,29.14 1 1
github.com/bzed/pgproxy/parser/dependency/bson/unmarshal_util.go:30.14,34.19 4 1
github.com/bzed/pgproxy/parser/dependency/bson/unmarshal_util.go:35.14,38.30 3 1
github.com/bzed/pgproxy/parser/dependency/bson/unmarshal_util.go:39.12,40.12 1 1
github.com/bzed/pgproxy/parser/dependency/bson/unmarshal_util.go:42.2,42.60 1 1
github.com/bzed/pgproxy/parser/dependency/bson/unmarshal_util.go:47.56,48.14 1 1
github.com/bzed/pgproxy/parser/dependency/bson/unmarshal_util.go:49.14,53.11 4 1
github.com/bzed/pgproxy/parser/dependency/bson/unmarshal_util.go:54.14,57.22 3 1
github.com/bzed/pgproxy/parser/dependency/bson/unmarshal_util.go:58.12,59.13 1 1
github.com/bzed/pgproxy/parser/dependency/bson/unmarshal_util.go:61.2,61.60 1 1
github.com/bzed/pgproxy/parser/dependency/bson/unmarshal_util.go:66.54,67.14 1 1
github.com/bzed/pgproxy/parser/dependency/bson/unmarshal_util.go:68.11,69.49 1 1
github.com/bzed/pgproxy/parser/dependency/bson/unmarshal_util.go:70.19,71.42 1 1
github.com/bzed/pgproxy/parser/dependency/bson/unmarshal_util.go:72.12,73.11 1 1
github.com/bzed/pgproxy/parser/dependency/bson/unmarshal_util.go:75.2,75.59 1 1
github.com/bzed/pgproxy/parser/dependency/bson/unmarshal_util.go:80.54,81.14 1 1
github.com/bzed/pgproxy/parser/dependency/bson/unmarshal_util.go:82.11,83.42 1 1
github.com/bzed/pgproxy/parser/dependency/bson/unmarshal_util.go:84.12,85.11 1 1
github.com/bzed/pgproxy/parser/dependency/bson/unmarshal_util.go:87.2,87.59 1 1
github.com/bzed/pgproxy/parser/dependency/bson/unmarshal_util.go:92.50,93.14 1 1
github.com/bzed/pgproxy/parser/dependency/bson/unmarshal_util.go:94.11,95.40 1 1
github.com/bzed/pgproxy/parser/dependency/bson/unmarshal_util.go:96.19,97.40 1 1
github.com/bzed/pgproxy/parser/dependency/bson/unmarshal_util.go:98.12,99.11 1 1
github.com/bzed/pgproxy/parser/dependency/bson/unmarshal_util.go:101.2,101.57 1 1
github.com/bzed/pgproxy/parser/dependency/bson/unmarshal_util.go:106.56,107.14 1 1
github.com/bzed/pgproxy/parser/dependency/bson/unmarshal_util.go:108.11,109.43 1 1
github.com/bzed/pgproxy/parser/dependency/bson/unmarshal_util.go:110.19,111.35 1 1
github.com/bzed/pgproxy/parser/dependency/bson/unmarshal_util.go:112.12,113.11 1 1
github.com/bzed/pgproxy/parser/dependency/bson/unmarshal_util.go:115.2,115.60 1 1
github.com/bzed/pgproxy/parser/dependency/bson/unmarshal_util.go:120.56,121.14 1 1
github.com/bzed/pgproxy/parser/dependency/bson/unmarshal_util.go:122.11,123.35 1 1
github.com/bzed/pgproxy/parser/dependency/bson/unmarshal_util.go:124.13,125.43 1 1
github.com/bzed/pgproxy/parser/dependency/bson/unmarshal_util.go:126.12,127.11 1 1
github.com/bzed/pgproxy/parser/dependency/bson/unmarshal_util.go:129.2,129.60 1 1
github.com/bzed/pgproxy/parser/dependency/bson/unmarshal_util.go:134.52,135.14 1 1
github.com/bzed/pgproxy/parser/dependency/bson/unmarshal_util.go:136.11,137.41 1 1
github.com/bzed/pgproxy/parser/dependency/bson/unmarshal_util.go:138.19,139.41 1 1
github.com/bzed/pgproxy/parser/dependency/bson/unmarshal_util.go:140.12,141.11 1 1
github.com/bzed/pgproxy/parser/dependency/bson/unmarshal_util.go:143.2,143.58 1 1
github.com/bzed/pgproxy/parser/dependency/bson/unmarshal_util.go:148.58,149.14 1 1
github.com/bzed/pgproxy/parser/dependency/bson/unmarshal_util.go:150.14,151.66 1 1
github.com/bzed/pgproxy/parser/dependency/bson/unmarshal_util.go:152.12,153.11 1 1
github.com/bzed/pgproxy/parser/dependency/bson/unmarshal_util.go:155.2,155.61 1 1
github.com/bzed/pgproxy/parser/dependency/bson/unmarshal_util.go:160.52,161.14 1 1
github.com/bzed/pgproxy/parser/dependency/bson/unmarshal_util.go:162.15,164.18 2 1
github.com/bzed/pgproxy/parser/dependency/bson/unmarshal_util.go:165.11,166.42 1 1
github.com/bzed/pgproxy/parser/dependency/bson/unmarshal_util.go:167.19,168.42 1 1
github.com/bzed/pgproxy/parser/dependency/bson/unmarshal_util.go:169.12,170.15 1 1
github.com/bzed/pgproxy/parser/dependency/bson/unmarshal_util.go:171.10,172.59 1 1
github.com/bzed/pgproxy/parser/dependency/bson/unmarshal_util.go:178.57,179.14 1 1
github.com/bzed/pgproxy/parser/dependency/bson/unmarshal_util.go:180.16,182.45 2 1
github.com/bzed/pgproxy/parser/dependency/bson/unmarshal_util.go:183.12,184.21 1 1
github.com/bzed/pgproxy/parser/dependency/bson/unmarshal_util.go:186.2,186.63 1 1
github.com/bzed/pgproxy/parser/dependency/bson/unmarshal_util.go:192.64,193.14 1 1
github.com/bzed/pgproxy/parser/dependency/bson/unmarshal_util.go:194.14,195.34 1 1
github.com/bzed/pgproxy/parser/dependency/bson/unmarshal_util.go:196.14,197.33 1 1
github.com/bzed/pgproxy/parser/dependency/bson/unmarshal_util.go:198.14,199.30 1 1
github.com/bzed/pgproxy/parser/dependency/bson/unmarshal_util.go:200.13,201.32 1 1
github.com/bzed/pgproxy/parser/dependency/bson/unmarshal_util.go:202.14,203.33 1 1
github.com/bzed/pgproxy/parser/dependency/bson/unmarshal_util.go:204.15,205.31 1 1
github.com/bzed/pgproxy/parser/dependency/bson/unmarshal_util.go:206.16,207.31 1 1
github.com/bzed/pgproxy/parser/dependency/bson/unmarshal_util.go:208.12,209.13 1 1
github.com/bzed/pgproxy/parser/dependency/bson/unmarshal_util.go:210.11,211.32 1 1
github.com/bzed/pgproxy/parser/dependency/bson/unmarshal_util.go:212.12,213.32 1 1
github.com/bzed/pgproxy/parser/dependency/bson/unmarshal_util.go:214.13,215.33 1 1
github.com/bzed/pgproxy/parser/dependency/bson/unmarshal_util.go:217.2,217.65 1 1
github.com/bzed/pgproxy/parser/dependency/bson/unmarshal_util.go:222.69,223.14 1 1
github.com/bzed/pgproxy/parser/dependency/bson/unmarshal_util.go:224.14,224.14 0 1
github.com/bzed/pgproxy/parser/dependency/bson/unmarshal_util.go:226.12,227.13 1 1
github.com/bzed/pgproxy/parser/dependency/bson/unmarshal_util.go:228.10,229.58 1 1
github.com/bzed/pgproxy/parser/dependency/bson/unmarshal_util.go:232.2,234.63 3 1
github.com/bzed/pgproxy/parser/dependency/bson/unmarshal_util.go:234.63,236.19 2 1
github.com/bzed/pgproxy/parser/dependency/bson/unmarshal_util.go:236.19,238.12 2 1
github.com/bzed/pgproxy/parser/dependency/bson/unmarshal_util.go:240.3,240.43 1 1
github.com/bzed/pgproxy/parser/dependency/bson/unmarshal_util.go:242.2,242.15 1 1
github.com/bzed/pgproxy/parser/dependency/bson/unmarshal_util.go:247.62,248.14 1 1
github.com/bzed/pgproxy/parser/dependency/bson/unmarshal_util.go:249.13,249.13 0 1
github.com/bzed/pgproxy/parser/dependency/bson/unmarshal_util.go:251.12,252.13 1 1
github.com/bzed/pgproxy/parser/dependency/bson/unmarshal_util.go:253.10,254.60 1 1
github.com/bzed/pgproxy/parser/dependency/bson/unmarshal_util.go:257.2,259.63 3 1
github.com/bzed/pgproxy/parser/dependency/bson/unmarshal_util.go:259.63,261.19 2 1
github.com/bzed/pgproxy/parser/dependency/bson/unmarshal_util.go:261.19,263.12 2 1
github.com/bzed/pgproxy/parser/dependency/bson/unmarshal_util.go:265.3,265.54 1 1
github.com/bzed/pgproxy/parser/dependency/bson/unmarshal_util.go:267.2,267.15 1 1
github.com/bzed/pgproxy/parser/dependency/bson/unmarshal_util.go:272.63,273.14 1 1
github.com/bzed/pgproxy/parser/dependency/bson/unmarshal_util.go:274.13,274.13 0 1
github.com/bzed/pgproxy/parser/dependency/bson/unmarshal_util.go:276.12,277.13 1 1
github.com/bzed/pgproxy/parser/dependency/bson/unmarshal_util.go:278.10,279.63 1 1
github.com/bzed/pgproxy/parser/dependency/bson/unmarshal_util.go:282.2,284.63 3 1
github.com/bzed/pgproxy/parser/dependency/bson/unmarshal_util.go:284.63,285.21 1 1
github.com/bzed/pgproxy/parser/dependency/bson/unmarshal_util.go:285.21,286.62 1 0
github.com/bzed/pgproxy/parser/dependency/bson/unmarshal_util.go:288.3,289.51 2 1
github.com/bzed/pgproxy/parser/dependency/bson/unmarshal_util.go:291.2,291.15 1 1
github.com/bzed/pgproxy/parser/dependency/bson/unmarshal_util.go:295.41,296.14 1 1
github.com/bzed/pgproxy/parser/dependency/bson/unmarshal_util.go:297.37,298.15 1 1
github.com/bzed/pgproxy/parser/dependency/bson/unmarshal_util.go:299.14,302.15 2 1
github.com/bzed/pgproxy/parser/dependency/bson/unmarshal_util.go:303.21,306.12 2 1
github.com/bzed/pgproxy/parser/dependency/bson/unmarshal_util.go:306.12,307.74 1 0
github.com/bzed/pgproxy/parser/dependency/bson/unmarshal_util.go:309.3,309.17 1 1
github.com/bzed/pgproxy/parser/dependency/bson/unmarshal_util.go:310.14,313.17 2 1
github.com/bzed/pgproxy/parser/dependency/bson/unmarshal_util.go:314.15,315.17 1 1
github.com/bzed/pgproxy/parser/dependency/bson/unmarshal_util.go:316.11,317.15 1 1
github.com/bzed/pgproxy/parser/dependency/bson/unmarshal_util.go:318.12,318.12 0 1
github.com/bzed/pgproxy/parser/dependency/bson/unmarshal_util.go:320.10,321.59 1 1
github.com/bzed/pgproxy/parser/dependency/bson/unmarshal_util.go:326.35,328.2 1 1
github.com/bzed/pgproxy/parser/dependency/bson/unmarshal_util.go:331.44,333.15 2 1
github.com/bzed/pgproxy/parser/dependency/bson/unmarshal_util.go:333.15,334.40 1 0
github.com/bzed/pgproxy/parser/dependency/bson/unmarshal_util.go:338.2,338.48 1 1
github.com/bzed/pgproxy/parser/dependency/bson/unmarshal_util.go:342.44,344.17 2 1
github.com/bzed/pgproxy/parser/dependency/bson/unmarshal_util.go:344.17,345.40 1 0
github.com/bzed/pgproxy/parser/dependency/bson/unmarshal_util.go:347.2,347.16 1 1
github.com/bzed/pgproxy/parser/dependency/bson/unmarshal_util.go:351.39,353.2 1 1
github.com/bzed/pgproxy/parser/dependency/sqltypes/sqltypes.go:53.34,55.2 1 0
github.com/bzed/pgproxy/parser/dependency/sqltypes/sqltypes.go:58.37,60.2 1 0
github.com/bzed/pgproxy/parser/dependency/sqltypes/sqltypes.go:63.33,65.2 1 0
github.com/bzed/pgproxy/parser/dependency/sqltypes/sqltypes.go:68.29,69.20 1 1
github.com/bzed/pgproxy/parser/dependency/sqltypes/sqltypes.go:69.20,71.3 1 0
github.com/bzed/pgproxy/parser/dependency/sqltypes/sqltypes.go:72.2,72.22 1 1
github.com/bzed/pgproxy/parser/dependency/sqltypes/sqltypes.go:76.32,77.20 1 1
github.com/bzed/pgproxy/parser/dependency/sqltypes/sqltypes.go:77.20,79.3 1 1
github.com/bzed/pgproxy/parser/dependency/sqltypes/sqltypes.go:80.2,80.35 1 1
github.com/bzed/pgproxy/parser/dependency/sqltypes/sqltypes.go:84.52,85.20 1 1
github.com/bzed/pgproxy/parser/dependency/sqltypes/sqltypes.go:85.20,87.3 1 0
github.com/bzed/pgproxy/parser/dependency/sqltypes/sqltypes.go:88.2,89.9 2 1
github.com/bzed/pgproxy/parser/dependency/sqltypes/sqltypes.go:89.9,91.3 1 0
github.com/bzed/pgproxy/parser/dependency/sqltypes/sqltypes.go:92.2,92.50 1 1
github.com/bzed/pgproxy/parser/dependency/sqltypes/sqltypes.go:96.54,97.20 1 1
github.com/bzed/pgproxy/parser/dependency/sqltypes/sqltypes.go:97.20,99.3 1 1
github.com/bzed/pgproxy/parser/dependency/sqltypes/sqltypes.go:100.2,101.9 2 1
github.com/bzed/pgproxy/parser/dependency/sqltypes/sqltypes.go:101.9,103.3 1 1
github.com/bzed/pgproxy/parser/dependency/sqltypes/sqltypes.go:104.2,104.51 1 1
github.com/bzed/pgproxy/parser/dependency/sqltypes/sqltypes.go:108.39,109.20 1 1
github.com/bzed/pgproxy/parser/dependency/sqltypes/sqltypes.go:109.20,110.45 1 1
github.com/bzed/pgproxy/parser/dependency/sqltypes/sqltypes.go:110.45,111.14 1 0
github.com/bzed/pgproxy/parser/dependency/sqltypes/sqltypes.go:113.8,115.3 1 1
github.com/bzed/pgproxy/parser/dependency/sqltypes/sqltypes.go:119.41,120.20 1 1
github.com/bzed/pgproxy/parser/dependency/sqltypes/sqltypes.go:120.20,121.45 1 1
github.com/bzed/pgproxy/parser/dependency/sqltypes/sqltypes.go:121.45,122.14 1 0
github.com/bzed/pgproxy/parser/dependency/sqltypes/sqltypes.go:124.8,126.3 1 1
github.com/bzed/pgproxy/parser/dependency/sqltypes/sqltypes.go:129.67,130.15 1 0
github.com/bzed/pgproxy/parser/dependency/sqltypes/sqltypes.go:130.15,134.3 3 0
github.com/bzed/pgproxy/parser/dependency/sqltypes/sqltypes.go:135.2,135.16 1 0
github.com/bzed/pgproxy/parser/dependency/sqltypes/sqltypes.go:135.16,137.3 1 0
github.com/bzed/pgproxy/parser/dependency/sqltypes/sqltypes.go:137.8,139.3 1 0
github.com/bzed/pgproxy/parser/dependency/sqltypes/sqltypes.go:142.61,143.22 1 0
github.com/bzed/pgproxy/parser/dependency/sqltypes/sqltypes.go:143.22,147.3 3 0
github.com/bzed/pgproxy/parser/dependency/sqltypes/sqltypes.go:148.2,148.23 1 0
github.com/bzed/pgproxy/parser/dependency/sqltypes/sqltypes.go:148.23,150.3 1 0
github.com/bzed/pgproxy/parser/dependency/sqltypes/sqltypes.go:153.30,155.2 1 1
github.com/bzed/pgproxy/parser/dependency/sqltypes/sqltypes.go:157.38,158.20 1 1
github.com/bzed/pgproxy/parser/dependency/sqltypes/sqltypes.go:158.20,160.3 1 1
github.com/bzed/pgproxy/parser/dependency/sqltypes/sqltypes.go:161.2,161.11 1 1
github.com/bzed/pgproxy/parser/dependency/sqltypes/sqltypes.go:164.41,165.20 1 1
github.com/bzed/pgproxy/parser/dependency/sqltypes/sqltypes.go:165.20,167.3 1 1
github.com/bzed/pgproxy/parser/dependency/sqltypes/sqltypes.go:168.2,168.11 1 1
github.com/bzed/pgproxy/parser/dependency/sqltypes/sqltypes.go:171.37,172.20 1 1
github.com/bzed/pgproxy/parser/dependency/sqltypes/sqltypes.go:172.20,174.3 1 1
github.com/bzed/pgproxy/parser/dependency/sqltypes/sqltypes.go:175.2,175.11 1 1
github.com/bzed/pgproxy/parser/dependency/sqltypes/sqltypes.go:180.46,182.2 1 1
github.com/bzed/pgproxy/parser/dependency/sqltypes/sqltypes.go:186.47,187.17 1 0
github.com/bzed/pgproxy/parser/dependency/sqltypes/sqltypes.go:187.17,189.3 1 0
github.com/bzed/pgproxy/parser/dependency/sqltypes/sqltypes.go:190.2,192.14 3 0
github.com/bzed/pgproxy/parser/dependency/sqltypes/sqltypes.go:193.11,196.13 3 0
github.com/bzed/pgproxy/parser/dependency/sqltypes/sqltypes.go:197.11,200.13 3 0
github.com/bzed/pgproxy/parser/dependency/sqltypes/sqltypes.go:201.11,202.32 1 0
github.com/bzed/pgproxy/parser/dependency/sqltypes/sqltypes.go:203.10,206.13 3 0
github.com/bzed/pgproxy/parser/dependency/sqltypes/sqltypes.go:208.2,208.16 1 0
github.com/bzed/pgproxy/parser/dependency/sqltypes/sqltypes.go:208.16,210.3 1 0
github.com/bzed/pgproxy/parser/dependency/sqltypes/sqltypes.go:211.2,212.12 2 0
github.com/bzed/pgproxy/parser/dependency/sqltypes/sqltypes.go:222.57,223.33 1 1
github.com/bzed/pgproxy/parser/dependency/sqltypes/sqltypes.go:224.11,224.11 0 1
github.com/bzed/pgproxy/parser/dependency/sqltypes/sqltypes.go:226.11,227.65 1 1
github.com/bzed/pgproxy/parser/dependency/sqltypes/sqltypes.go:228.13,229.65 1 1
github.com/bzed/pgproxy/parser/dependency/sqltypes/sqltypes.go:230.13,231.65 1 1
github.com/bzed/pgproxy/parser/dependency/sqltypes/sqltypes.go:232.12,233.67 1 1
github.com/bzed/pgproxy/parser/dependency/sqltypes/sqltypes.go:234.14,235.67 1 1
github.com/bzed/pgproxy/parser/dependency/sqltypes/sqltypes.go:236.14,237.67 1 1
github.com/bzed/pgproxy/parser/dependency/sqltypes/sqltypes.go:238.15,239.72 1 1
github.com/bzed/pgproxy/parser/dependency/sqltypes/sqltypes.go:240.14,241.37 1 1
github.com/bzed/pgproxy/parser/dependency/sqltypes/sqltypes.go:242.14,243.29 1 1
github.com/bzed/pgproxy/parser/dependency/sqltypes/sqltypes.go:244.17,245.67 1 1
github.com/bzed/pgproxy/parser/dependency/sqltypes/sqltypes.go:246.35,247.34 1 1
github.com/bzed/pgproxy/parser/dependency/sqltypes/sqltypes.go:248.13,249.14 1 1
github.com/bzed/pgproxy/parser/dependency/sqltypes/sqltypes.go:250.10,251.84 1 1
github.com/bzed/pgproxy/parser/dependency/sqltypes/sqltypes.go:253.2,253.15 1 1
github.com/bzed/pgproxy/parser/dependency/sqltypes/sqltypes.go:259.52,260.36 1 1
github.com/bzed/pgproxy/parser/dependency/sqltypes/sqltypes.go:260.36,262.17 2 1
github.com/bzed/pgproxy/parser/dependency/sqltypes/sqltypes.go:262.17,264.4 1 1
github.com/bzed/pgproxy/parser/dependency/sqltypes/sqltypes.go:265.3,265.57 1 1
github.com/bzed/pgproxy/parser/dependency/sqltypes/sqltypes.go:266.8,268.17 2 1
github.com/bzed/pgproxy/parser/dependency/sqltypes/sqltypes.go:268.17,270.4 1 1
github.com/bzed/pgproxy/parser/dependency/sqltypes/sqltypes.go:271.3,271.60 1 1
github.com/bzed/pgproxy/parser/dependency/sqltypes/sqltypes.go:273.2,273.15 1 1
github.com/bzed/pgproxy/parser/dependency/sqltypes/sqltypes.go:276.31,278.2 1 1
github.com/bzed/pgproxy/parser/dependency/sqltypes/sqltypes.go:280.41,281.44 1 1
github.com/bzed/pgproxy/parser/dependency/sqltypes/sqltypes.go:281.44,282.13 1 0
github.com/bzed/pgproxy/parser/dependency/sqltypes/sqltypes.go:286.43,287.44 1 1
github.com/bzed/pgproxy/parser/dependency/sqltypes/sqltypes.go:287.44,288.13 1 0
github.com/bzed/pgproxy/parser/dependency/sqltypes/sqltypes.go:292.48,294.2 1 1
github.com/bzed/pgproxy/parser/dependency/sqltypes/sqltypes.go:296.34,298.2 1 1
github.com/bzed/pgproxy/parser/dependency/sqltypes/sqltypes.go:300.44,301.44 1 0
github.com/bzed/pgproxy/parser/dependency/sqltypes/sqltypes.go:301.44,302.13 1 0
github.com/bzed/pgproxy/parser/dependency/sqltypes/sqltypes.go:306.46,307.44 1 0
github.com/bzed/pgproxy/parser/dependency/sqltypes/sqltypes.go:307.44,308.13 1 0
github.com/bzed/pgproxy/parser/dependency/sqltypes/sqltypes.go:312.30,314.2 1 1
github.com/bzed/pgproxy/parser/dependency/sqltypes/sqltypes.go:316.40,318.29 2 1
github.com/bzed/pgproxy/parser/dependency/sqltypes/sqltypes.go:318.29,319.65 1 1
github.com/bzed/pgproxy/parser/dependency/sqltypes/sqltypes.go:319.65,321.4 1 1
github.com/bzed/pgproxy/parser/dependency/sqltypes/sqltypes.go:321.9,324.4 2 1
github.com/bzed/pgproxy/parser/dependency/sqltypes/sqltypes.go:326.2,326.20 1 1
github.com/bzed/pgproxy/parser/dependency/sqltypes/sqltypes.go:329.42,335.2 5 1
github.com/bzed/pgproxy/parser/dependency/sqltypes/sqltypes.go:337.37,338.39 1 1
github.com/bzed/pgproxy/parser/dependency/sqltypes/sqltypes.go:338.39,339.13 1 0
github.com/bzed/pgproxy/parser/dependency/sqltypes/sqltypes.go:362.13,363.30 1 1
github.com/bzed/pgproxy/parser/dependency/sqltypes/sqltypes.go:363.30,366.3 2 1
github.com/bzed/pgproxy/parser/dependency/sqltypes/sqltypes.go:367.2,367.30 1 1
github.com/bzed/pgproxy/parser/dependency/sqltypes/sqltypes.go:367.30,368.39 1 1
github.com/bzed/pgproxy/parser/dependency/sqltypes/sqltypes.go:368.39,371.4 2 1
github.com/bzed/pgproxy/parser/dependency/sqltypes/sqltypes.go:373.2,375.27 3 1
github.com/bzed/pgproxy/parser/dependency/bytes2/chunked_writer.go:24.53,28.2 3 1
github.com/bzed/pgproxy/parser/dependency/bytes2/chunked_writer.go:31.45,32.23 1 1
github.com/bzed/pgproxy/parser/dependency/bytes2/chunked_writer.go:32.23,34.3 1 1
github.com/bzed/pgproxy/parser/dependency/bytes2/chunked_writer.go:35.2,36.30 2 1
github.com/bzed/pgproxy/parser/dependency/bytes2/chunked_writer.go:36.30,38.3 1 1
github.com/bzed/pgproxy/parser/dependency/bytes2/chunked_writer.go:39.2,39.10 1 1
github.com/bzed/pgproxy/parser/dependency/bytes2/chunked_writer.go:42.36,44.30 2 1
github.com/bzed/pgproxy/parser/dependency/bytes2/chunked_writer.go:44.30,46.3 1 1
github.com/bzed/pgproxy/parser/dependency/bytes2/chunked_writer.go:47.2,47.10 1 1
github.com/bzed/pgproxy/parser/dependency/bytes2/chunked_writer.go:50.34,54.2 3 1
github.com/bzed/pgproxy/parser/dependency/bytes2/chunked_writer.go:56.42,57.30 1 1
github.com/bzed/pgproxy/parser/dependency/bytes2/chunked_writer.go:57.30,58.19 1 1
github.com/bzed/pgproxy/parser/dependency/bytes2/chunked_writer.go:58.19,60.12 2 1
github.com/bzed/pgproxy/parser/dependency/bytes2/chunked_writer.go:62.3,64.9 3 1
github.com/bzed/pgproxy/parser/dependency/bytes2/chunked_writer.go:66.2,66.55 1 0
github.com/bzed/pgproxy/parser/dependency/bytes2/chunked_writer.go:69.61,71.2 1 1
github.com/bzed/pgproxy/parser/dependency/bytes2/chunked_writer.go:73.67,76.6 3 1
github.com/bzed/pgproxy/parser/dependency/bytes2/chunked_writer.go:76.6,79.28 3 1
github.com/bzed/pgproxy/parser/dependency/bytes2/chunked_writer.go:79.28,82.4 2 1
github.com/bzed/pgproxy/parser/dependency/bytes2/chunked_writer.go:83.3,86.37 4 1
github.com/bzed/pgproxy/parser/dependency/bytes2/chunked_writer.go:90.52,91.25 1 1
github.com/bzed/pgproxy/parser/dependency/bytes2/chunked_writer.go:91.25,92.99 1 0
github.com/bzed/pgproxy/parser/dependency/bytes2/chunked_writer.go:94.2,95.35 2 1
github.com/bzed/pgproxy/parser/dependency/bytes2/chunked_writer.go:95.35,99.3 3 1
github.com/bzed/pgproxy/parser/dependency/bytes2/chunked_writer.go:100.2,103.10 4 1
github.com/bzed/pgproxy/parser/dependency/bytes2/chunked_writer.go:106.50,109.2 2 1
github.com/bzed/pgproxy/parser/dependency/bytes2/chunked_writer.go:111.63,114.2 2 0
github.com/bzed/pgproxy/parser/dependency/bytes2/chunked_writer.go:116.68,117.30 1 1
github.com/bzed/pgproxy/parser/dependency/bytes2/chunked_writer.go:117.30,120.17 3 1
github.com/bzed/pgproxy/parser/dependency/bytes2/chunked_writer.go:120.17,122.4 1 0
github.com/bzed/pgproxy/parser/dependency/bytes2/chunked_writer.go:123.3,123.20 1 1
github.com/bzed/pgproxy/parser/dependency/bytes2/chunked_writer.go:123.20,125.4 1 0
github.com/bzed/pgproxy/parser/dependency/bytes2/chunked_writer.go:127.2,128.15 2 1
github.com/bzed/pgproxy/cli/cli.go:27.50,34.19 5 1
github.com/bzed/pgproxy/cli/cli.go:34.19,37.3 2 1
github.com/bzed/pgproxy/cli/cli.go:37.8,41.3 3 0
github.com/bzed/pgproxy/cli/cli.go:43.2,43.19 1 1
github.com/bzed/pgproxy/cli/cli.go:43.19,47.3 3 1
github.com/bzed/pgproxy/cli/cli.go:47.8,48.25 1 0
github.com/bzed/pgproxy/cli/cli.go:48.25,55.14 5 0
github.com/bzed/pgproxy/cli/cli.go:55.14,57.5 1 0
github.com/bzed/pgproxy/cli/cli.go:58.4,58.48 1 0
github.com/bzed/pgproxy/cli/cli.go:59.9,59.30 1 0
github.com/bzed/pgproxy/cli/cli.go:59.30,61.4 1 0
github.com/bzed/pgproxy/cli/cli.go:61.9,61.31 1 0
github.com/bzed/pgproxy/cli/cli.go:61.31,63.4 1 0
github.com/bzed/pgproxy/cli/cli.go:63.9,65.4 1 0
github.com/bzed/pgproxy/cli/cli.go:70.13,76.2 5 1
github.com/bzed/pgproxy/cli/cli.go:79.29,82.16 3 0
github.com/bzed/pgproxy/cli/cli.go:82.16,84.3 1 0
github.com/bzed/pgproxy/cli/cli.go:85.2,91.44 7 0
github.com/bzed/pgproxy/cli/cli.go:95.15,97.38 2 0
github.com/bzed/pgproxy/cli/cli.go:97.38,99.17 2 0
github.com/bzed/pgproxy/cli/cli.go:99.17,101.4 1 0
github.com/bzed/pgproxy/cli/cli.go:101.9,103.4 1 0
github.com/bzed/pgproxy/cli/cli.go:108.23,112.16 3 0
github.com/bzed/pgproxy/cli/cli.go:112.16,115.3 2 0
github.com/bzed/pgproxy/cli/cli.go:116.2,118.45 2 0
github.com/bzed/pgproxy/cli/cli.go:122.26,126.16 3 0
github.com/bzed/pgproxy/cli/cli.go:126.16,129.3 2 0
github.com/bzed/pgproxy/cli/cli.go:130.2,135.12 4 0
github.com/bzed/pgproxy/cli/cli.go:135.12,137.3 1 0
github.com/bzed/pgproxy/cli/cli.go:137.8,139.17 2 0
github.com/bzed/pgproxy/cli/cli.go:139.17,142.4 2 0
github.com/bzed/pgproxy/cli/cli.go:142.9,144.4 1 0
github.com/bzed/pgproxy/cli/cli.go:149.13,151.14 2 0
github.com/bzed/pgproxy/cli/cli.go:151.14,154.17 2 0
github.com/bzed/pgproxy/cli/cli.go:154.17,156.4 1 0
github.com/bzed/pgproxy/cli/cli.go:156.9,158.18 2 0
github.com/bzed/pgproxy/cli/cli.go:158.18,160.5 1 0
github.com/bzed/pgproxy/cli/cli.go:160.10,162.5 1 0
github.com/bzed/pgproxy/cli/cli.go:165.2,165.47 1 0
github.com/bzed/pgproxy/cli/cmd.go:29.16,33.16 4 0
github.com/bzed/pgproxy/cli/cmd.go:33.16,35.3 1 0
github.com/bzed/pgproxy/cli/cmd.go:36.2,42.15 5 0
github.com/bzed/pgproxy/cli/cmd.go:42.15,44.17 2 0
github.com/bzed/pgproxy/cli/cmd.go:44.17,46.4 1 0
github.com/bzed/pgproxy/cli/cmd.go:48.2,53.14 6 0
github.com/bzed/pgproxy/cli/cmd.go:53.14,59.24 5 0
github.com/bzed/pgproxy/cli/cmd.go:59.24,62.4 2 0
github.com/bzed/pgproxy/cli/cmd.go:63.3,63.26 1 0
github.com/bzed/pgproxy/cli/cmd.go:65.2,65.8 1 0
github.com/bzed/pgproxy/cli/cmd.go:70.38,72.17 2 0
github.com/bzed/pgproxy/cli/cmd.go:72.17,74.3 1 0
github.com/bzed/pgproxy/cli/cmd.go:76.2,76.39 1 0
github.com/bzed/pgproxy/cli/cmd.go:77.16,79.17 2 0
github.com/bzed/pgproxy/cli/cmd.go:79.17,81.4 1 0
github.com/bzed/pgproxy/cli/cmd.go:81.9,83.4 1 0
github.com/bzed/pgproxy/cli/cmd.go:84.36,86.17 2 0
github.com/bzed/pgproxy/cli/cmd.go:86.17,88.4 1 0
github.com/bzed/pgproxy/cli/cmd.go:88.9,90.4 1 0
github.com/bzed/pgproxy/cli/cmd.go:91.24,91.24 0 0
github.com/bzed/pgproxy/cli/utils.go:44.63,45.49 1 1
github.com/bzed/pgproxy/cli/utils.go:45.49,48.3 2 0
github.com/bzed/pgproxy/cli/utils.go:50.2,50.54 1 1
github.com/bzed/pgproxy/cli/utils.go:50.54,52.3 1 0
github.com/bzed/pgproxy/cli/utils.go:55.2,55.35 1 1
github.com/bzed/pgproxy/cli/utils.go:55.35,57.3 1 0
github.com/bzed/pgproxy/cli/utils.go:59.2,62.20 3 1
github.com/bzed/pgproxy/cli/utils.go:62.20,64.3 1 0
github.com/bzed/pgproxy/cli/utils.go:66.2,67.100 1 1
github.com/bzed/pgproxy/parser/analyzer.go:19.48,20.58 1 0
github.com/bzed/pgproxy/parser/analyzer.go:20.58,22.3 1 0
github.com/bzed/pgproxy/parser/analyzer.go:24.2,24.11 1 0
github.com/bzed/pgproxy/parser/analyzer.go:28.64,30.9 2 1
github.com/bzed/pgproxy/parser/analyzer.go:30.9,32.3 1 0
github.com/bzed/pgproxy/parser/analyzer.go:33.2,33.45 1 1
github.com/bzed/pgproxy/parser/analyzer.go:33.45,34.38 1 1
github.com/bzed/pgproxy/parser/analyzer.go:34.38,35.30 1 1
github.com/bzed/pgproxy/parser/analyzer.go:35.30,37.5 1 1
github.com/bzed/pgproxy/parser/analyzer.go:40.2,40.54 1 1
github.com/bzed/pgproxy/parser/analyzer.go:44.79,46.9 2 1
github.com/bzed/pgproxy/parser/analyzer.go:46.9,48.3 1 0
github.com/bzed/pgproxy/parser/analyzer.go:49.2,49.45 1 1
github.com/bzed/pgproxy/parser/analyzer.go:49.45,50.26 1 1
github.com/bzed/pgproxy/parser/analyzer.go:50.26,52.4 1 1
github.com/bzed/pgproxy/parser/analyzer.go:54.2,54.53 1 0
github.com/bzed/pgproxy/parser/analyzer.go:59.35,60.34 1 0
github.com/bzed/pgproxy/parser/analyzer.go:60.34,62.3 1 0
github.com/bzed/pgproxy/parser/analyzer.go:63.2,63.11 1 0
github.com/bzed/pgproxy/parser/analyzer.go:67.35,70.2 2 0
github.com/bzed/pgproxy/parser/analyzer.go:74.33,75.21 1 0
github.com/bzed/pgproxy/parser/analyzer.go:76.30,77.14 1 0
github.com/bzed/pgproxy/parser/analyzer.go:79.2,79.14 1 0
github.com/bzed/pgproxy/parser/analyzer.go:83.46,84.34 1 0
github.com/bzed/pgproxy/parser/analyzer.go:84.34,85.66 1 0
github.com/bzed/pgproxy/parser/analyzer.go:85.66,87.4 1 0
github.com/bzed/pgproxy/parser/analyzer.go:89.2,89.14 1 0
github.com/bzed/pgproxy/parser/analyzer.go:94.39,95.29 1 0
github.com/bzed/pgproxy/parser/analyzer.go:96.16,97.26 1 0
github.com/bzed/pgproxy/parser/analyzer.go:97.26,98.19 1 0
github.com/bzed/pgproxy/parser/analyzer.go:98.19,100.5 1 0
github.com/bzed/pgproxy/parser/analyzer.go:102.3,102.14 1 0
github.com/bzed/pgproxy/parser/analyzer.go:103.15,104.14 1 0
github.com/bzed/pgproxy/parser/analyzer.go:107.2,107.14 1 0
github.com/bzed/pgproxy/parser/analyzer.go:114.53,115.29 1 0
github.com/bzed/pgproxy/parser/analyzer.go:116.16,118.28 2 0
github.com/bzed/pgproxy/parser/analyzer.go:118.28,120.18 2 0
github.com/bzed/pgproxy/parser/analyzer.go:120.18,122.5 1 0
github.com/bzed/pgproxy/parser/analyzer.go:123.4,123.26 1 0
github.com/bzed/pgproxy/parser/analyzer.go:125.3,125.19 1 0
github.com/bzed/pgproxy/parser/analyzer.go:126.14,127.27 1 0
github.com/bzed/pgproxy/parser/analyzer.go:128.15,129.27 1 0
github.com/bzed/pgproxy/parser/analyzer.go:130.14,131.40 1 0
github.com/bzed/pgproxy/parser/analyzer.go:132.14,134.17 2 0
github.com/bzed/pgproxy/parser/analyzer.go:134.17,136.4 1 0
github.com/bzed/pgproxy/parser/analyzer.go:137.3,137.16 1 0
github.com/bzed/pgproxy/parser/analyzer.go:138.16,139.18 1 0
github.com/bzed/pgproxy/parser/analyzer.go:141.2,141.52 1 0
github.com/bzed/pgproxy/parser/analyzer.go:146.50,147.29 1 0
github.com/bzed/pgproxy/parser/analyzer.go:147.29,148.17 1 0
github.com/bzed/pgproxy/parser/analyzer.go:148.17,150.4 1 0
github.com/bzed/pgproxy/parser/analyzer.go:152.2,152.14 1 0
github.com/bzed/pgproxy/parser/ast.go:29.43,31.29 2 1
github.com/bzed/pgproxy/parser/ast.go:31.29,33.3 1 0
github.com/bzed/pgproxy/parser/ast.go:34.2,34.33 1 1
github.com/bzed/pgproxy/parser/ast.go:44.34,48.2 3 1
github.com/bzed/pgproxy/parser/ast.go:56.30,56.31 0 0
github.com/bzed/pgproxy/parser/ast.go:57.30,57.31 0 0
github.com/bzed/pgproxy/parser/ast.go:58.30,58.31 0 0
github.com/bzed/pgproxy/parser/ast.go:59.30,59.31 0 0
github.com/bzed/pgproxy/parser/ast.go:60.30,60.31 0 0
github.com/bzed/pgproxy/parser/ast.go:61.30,61.31 0 0
github.com/bzed/pgproxy/parser/ast.go:62.30,62.31 0 0
github.com/bzed/pgproxy/parser/ast.go:63.30,63.31 0 0
github.com/bzed/pgproxy/parser/ast.go:73.36,73.37 0 0
github.com/bzed/pgproxy/parser/ast.go:74.36,74.37 0 0
github.com/bzed/pgproxy/parser/ast.go:101.48,107.2 1 1
github.com/bzed/pgproxy/parser/ast.go:124.47,126.2 1 0
github.com/bzed/pgproxy/parser/ast.go:137.48,141.2 1 0
github.com/bzed/pgproxy/parser/ast.go:149.31,149.32 0 0
github.com/bzed/pgproxy/parser/ast.go:150.31,150.32 0 0
github.com/bzed/pgproxy/parser/ast.go:151.31,151.32 0 0
github.com/bzed/pgproxy/parser/ast.go:163.48,167.2 1 0
github.com/bzed/pgproxy/parser/ast.go:178.48,182.2 1 0
github.com/bzed/pgproxy/parser/ast.go:190.45,192.2 1 0
github.com/bzed/pgproxy/parser/ast.go:205.51,207.25 2 1
github.com/bzed/pgproxy/parser/ast.go:207.25,208.14 1 1
github.com/bzed/pgproxy/parser/ast.go:208.14,210.4 1 1
github.com/bzed/pgproxy/parser/ast.go:220.57,222.2 1 1
github.com/bzed/pgproxy/parser/ast.go:226.58,229.33 3 1
github.com/bzed/pgproxy/parser/ast.go:229.33,232.3 2 1
github.com/bzed/pgproxy/parser/ast.go:233.2,233.21 1 1
github.com/bzed/pgproxy/parser/ast.go:241.53,243.2 1 1
github.com/bzed/pgproxy/parser/ast.go:244.40,244.41 0 0
github.com/bzed/pgproxy/parser/ast.go:258.45,259.21 1 0
github.com/bzed/pgproxy/parser/ast.go:260.18,261.57 1 0
github.com/bzed/pgproxy/parser/ast.go:262.18,263.72 1 0
github.com/bzed/pgproxy/parser/ast.go:264.10,265.55 1 0
github.com/bzed/pgproxy/parser/ast.go:274.47,276.2 1 0
github.com/bzed/pgproxy/parser/ast.go:281.49,282.25 1 1
github.com/bzed/pgproxy/parser/ast.go:282.25,284.3 1 0
github.com/bzed/pgproxy/parser/ast.go:290.52,292.25 2 1
github.com/bzed/pgproxy/parser/ast.go:292.25,295.3 2 1
github.com/bzed/pgproxy/parser/ast.go:304.36,304.37 0 0
github.com/bzed/pgproxy/parser/ast.go:305.36,305.37 0 0
github.com/bzed/pgproxy/parser/ast.go:312.50,313.27 1 1
github.com/bzed/pgproxy/parser/ast.go:313.27,315.3 1 1
github.com/bzed/pgproxy/parser/ast.go:316.2,316.19 1 1
github.com/bzed/pgproxy/parser/ast.go:325.53,327.20 2 0
github.com/bzed/pgproxy/parser/ast.go:327.20,329.3 1 0
github.com/bzed/pgproxy/parser/ast.go:338.48,339.17 1 0
github.com/bzed/pgproxy/parser/ast.go:339.17,341.3 1 0
github.com/bzed/pgproxy/parser/ast.go:342.2,342.41 1 0
github.com/bzed/pgproxy/parser/ast.go:348.51,350.25 2 1
github.com/bzed/pgproxy/parser/ast.go:350.25,353.3 2 1
github.com/bzed/pgproxy/parser/ast.go:362.40,362.41 0 0
github.com/bzed/pgproxy/parser/ast.go:363.40,363.41 0 0
github.com/bzed/pgproxy/parser/ast.go:364.40,364.41 0 0
github.com/bzed/pgproxy/parser/ast.go:374.58,376.20 2 1
github.com/bzed/pgproxy/parser/ast.go:376.20,378.3 1 1
github.com/bzed/pgproxy/parser/ast.go:379.2,379.23 1 1
github.com/bzed/pgproxy/parser/ast.go:379.23,382.3 1 0
github.com/bzed/pgproxy/parser/ast.go:391.39,391.40 0 0
github.com/bzed/pgproxy/parser/ast.go:392.39,392.40 0 0
github.com/bzed/pgproxy/parser/ast.go:399.51,400.27 1 1
github.com/bzed/pgproxy/parser/ast.go:400.27,403.3 2 0
github.com/bzed/pgproxy/parser/ast.go:404.2,404.24 1 1
github.com/bzed/pgproxy/parser/ast.go:412.56,414.2 1 0
github.com/bzed/pgproxy/parser/ast.go:434.55,436.20 2 0
github.com/bzed/pgproxy/parser/ast.go:436.20,438.3 1 0
github.com/bzed/pgproxy/parser/ast.go:453.52,456.33 3 0
github.com/bzed/pgproxy/parser/ast.go:456.33,459.3 2 0
github.com/bzed/pgproxy/parser/ast.go:460.2,460.19 1 0
github.com/bzed/pgproxy/parser/ast.go:477.49,478.17 1 1
github.com/bzed/pgproxy/parser/ast.go:478.17,480.3 1 1
github.com/bzed/pgproxy/parser/ast.go:481.2,481.38 1 1
github.com/bzed/pgproxy/parser/ast.go:484.47,485.17 1 1
github.com/bzed/pgproxy/parser/ast.go:485.17,487.3 1 1
github.com/bzed/pgproxy/parser/ast.go:488.2,488.46 1 1
github.com/bzed/pgproxy/parser/ast.go:497.33,497.34 0 0
github.com/bzed/pgproxy/parser/ast.go:498.33,498.34 0 0
github.com/bzed/pgproxy/parser/ast.go:499.33,499.34 0 0
github.com/bzed/pgproxy/parser/ast.go:500.33,500.34 0 0
github.com/bzed/pgproxy/parser/ast.go:501.33,501.34 0 0
github.com/bzed/pgproxy/parser/ast.go:502.33,502.34 0 0
github.com/bzed/pgproxy/parser/ast.go:503.33,503.34 0 0
github.com/bzed/pgproxy/parser/ast.go:504.33,504.34 0 0
github.com/bzed/pgproxy/parser/ast.go:505.33,505.34 0 0
github.com/bzed/pgproxy/parser/ast.go:506.33,506.34 0 0
github.com/bzed/pgproxy/parser/ast.go:507.33,507.34 0 0
github.com/bzed/pgproxy/parser/ast.go:508.33,508.34 0 0
github.com/bzed/pgproxy/parser/ast.go:509.33,509.34 0 0
github.com/bzed/pgproxy/parser/ast.go:510.33,510.34 0 0
github.com/bzed/pgproxy/parser/ast.go:511.33,511.34 0 0
github.com/bzed/pgproxy/parser/ast.go:512.33,512.34 0 0
github.com/bzed/pgproxy/parser/ast.go:513.33,513.34 0 0
github.com/bzed/pgproxy/parser/ast.go:514.33,514.34 0 0
github.com/bzed/pgproxy/parser/ast.go:515.33,515.34 0 0
github.com/bzed/pgproxy/parser/ast.go:516.33,516.34 0 0
github.com/bzed/pgproxy/parser/ast.go:524.37,524.38 0 0
github.com/bzed/pgproxy/parser/ast.go:525.37,525.38 0 0
github.com/bzed/pgproxy/parser/ast.go:526.37,526.38 0 0
github.com/bzed/pgproxy/parser/ast.go:527.37,527.38 0 0
github.com/bzed/pgproxy/parser/ast.go:528.37,528.38 0 0
github.com/bzed/pgproxy/parser/ast.go:529.37,529.38 0 0
github.com/bzed/pgproxy/parser/ast.go:530.37,530.38 0 0
github.com/bzed/pgproxy/parser/ast.go:531.37,531.38 0 0
github.com/bzed/pgproxy/parser/ast.go:538.49,540.2 1 1
github.com/bzed/pgproxy/parser/ast.go:547.48,549.2 1 0
github.com/bzed/pgproxy/parser/ast.go:556.49,558.2 1 0
github.com/bzed/pgproxy/parser/ast.go:565.55,567.2 1 0
github.com/bzed/pgproxy/parser/ast.go:590.56,592.2 1 1
github.com/bzed/pgproxy/parser/ast.go:607.51,609.2 1 0
github.com/bzed/pgproxy/parser/ast.go:623.51,625.2 1 0
github.com/bzed/pgproxy/parser/ast.go:632.52,634.2 1 0
github.com/bzed/pgproxy/parser/ast.go:642.32,642.33 0 0
github.com/bzed/pgproxy/parser/ast.go:643.32,643.33 0 0
github.com/bzed/pgproxy/parser/ast.go:644.32,644.33 0 0
github.com/bzed/pgproxy/parser/ast.go:645.32,645.33 0 0
github.com/bzed/pgproxy/parser/ast.go:646.32,646.33 0 0
github.com/bzed/pgproxy/parser/ast.go:647.32,647.33 0 0
github.com/bzed/pgproxy/parser/ast.go:648.32,648.33 0 0
github.com/bzed/pgproxy/parser/ast.go:649.32,649.33 0 0
github.com/bzed/pgproxy/parser/ast.go:650.32,650.33 0 0
github.com/bzed/pgproxy/parser/ast.go:651.32,651.33 0 0
github.com/bzed/pgproxy/parser/ast.go:652.32,652.33 0 0
github.com/bzed/pgproxy/parser/ast.go:653.32,653.33 0 0
github.com/bzed/pgproxy/parser/ast.go:658.47,661.2 2 0
github.com/bzed/pgproxy/parser/ast.go:666.47,668.2 1 1
github.com/bzed/pgproxy/parser/ast.go:673.47,675.2 1 1
github.com/bzed/pgproxy/parser/ast.go:680.49,682.2 1 0
github.com/bzed/pgproxy/parser/ast.go:689.49,690.27 1 1
github.com/bzed/pgproxy/parser/ast.go:690.27,693.3 2 0
github.com/bzed/pgproxy/parser/ast.go:694.2,694.24 1 1
github.com/bzed/pgproxy/parser/ast.go:697.46,698.41 1 1
github.com/bzed/pgproxy/parser/ast.go:698.41,700.3 1 0
github.com/bzed/pgproxy/parser/ast.go:700.8,702.3 1 1
github.com/bzed/pgproxy/parser/ast.go:712.31,712.32 0 0
github.com/bzed/pgproxy/parser/ast.go:713.31,713.32 0 0
github.com/bzed/pgproxy/parser/ast.go:714.31,714.32 0 0
github.com/bzed/pgproxy/parser/ast.go:719.49,721.2 1 1
github.com/bzed/pgproxy/parser/ast.go:727.49,729.25 2 1
github.com/bzed/pgproxy/parser/ast.go:729.25,732.3 2 1
github.com/bzed/pgproxy/parser/ast.go:740.50,742.2 1 0
github.com/bzed/pgproxy/parser/ast.go:747.48,749.2 1 1
github.com/bzed/pgproxy/parser/ast.go:769.52,771.2 1 0
github.com/bzed/pgproxy/parser/ast.go:786.51,788.2 1 0
github.com/bzed/pgproxy/parser/ast.go:797.50,799.19 2 0
github.com/bzed/pgproxy/parser/ast.go:799.19,801.3 1 0
github.com/bzed/pgproxy/parser/ast.go:802.2,802.59 1 0
github.com/bzed/pgproxy/parser/ast.go:825.42,827.2 1 0
github.com/bzed/pgproxy/parser/ast.go:836.50,838.22 2 0
github.com/bzed/pgproxy/parser/ast.go:838.22,840.3 1 0
github.com/bzed/pgproxy/parser/ast.go:841.2,841.34 1 0
github.com/bzed/pgproxy/parser/ast.go:841.34,843.3 1 0
github.com/bzed/pgproxy/parser/ast.go:844.2,844.22 1 0
github.com/bzed/pgproxy/parser/ast.go:844.22,846.3 1 0
github.com/bzed/pgproxy/parser/ast.go:847.2,847.21 1 0
github.com/bzed/pgproxy/parser/ast.go:856.46,858.2 1 0
github.com/bzed/pgproxy/parser/ast.go:863.48,865.25 2 1
github.com/bzed/pgproxy/parser/ast.go:865.25,868.3 2 0
github.com/bzed/pgproxy/parser/ast.go:874.48,876.25 2 1
github.com/bzed/pgproxy/parser/ast.go:876.25,879.3 2 0
github.com/bzed/pgproxy/parser/ast.go:894.47,896.2 1 0
github.com/bzed/pgproxy/parser/ast.go:903.47,904.17 1 1
github.com/bzed/pgproxy/parser/ast.go:904.17,906.3 1 1
github.com/bzed/pgproxy/parser/ast.go:907.2,908.24 2 0
github.com/bzed/pgproxy/parser/ast.go:908.24,910.3 1 0
github.com/bzed/pgproxy/parser/ast.go:911.2,911.35 1 0
github.com/bzed/pgproxy/parser/ast.go:918.71,919.17 1 1
github.com/bzed/pgproxy/parser/ast.go:919.17,921.3 1 1
github.com/bzed/pgproxy/parser/ast.go:922.2,922.33 1 1
github.com/bzed/pgproxy/parser/ast.go:923.14,925.17 2 1
github.com/bzed/pgproxy/parser/ast.go:925.17,927.4 1 1
github.com/bzed/pgproxy/parser/ast.go:928.3,928.12 1 1
github.com/bzed/pgproxy/parser/ast.go:928.12,930.4 1 1
github.com/bzed/pgproxy/parser/ast.go:931.3,931.13 1 1
github.com/bzed/pgproxy/parser/ast.go:932.14,933.21 1 1
github.com/bzed/pgproxy/parser/ast.go:934.11,934.11 0 1
github.com/bzed/pgproxy/parser/ast.go:936.10,937.68 1 1
github.com/bzed/pgproxy/parser/ast.go:939.2,939.35 1 1
github.com/bzed/pgproxy/parser/ast.go:940.14,942.17 2 1
github.com/bzed/pgproxy/parser/ast.go:942.17,944.4 1 1
github.com/bzed/pgproxy/parser/ast.go:945.3,945.13 1 1
github.com/bzed/pgproxy/parser/ast.go:945.13,947.4 1 1
github.com/bzed/pgproxy/parser/ast.go:948.3,948.16 1 1
github.com/bzed/pgproxy/parser/ast.go:949.14,950.23 1 1
github.com/bzed/pgproxy/parser/ast.go:951.10,952.70 1 1
github.com/bzed/pgproxy/parser/ast.go:954.2,954.30 1 1
github.com/bzed/pgproxy/parser/ast.go:960.47,962.25 2 0
github.com/bzed/pgproxy/parser/ast.go:962.25,965.3 2 0
github.com/bzed/pgproxy/parser/ast.go:974.31,974.32 0 0
github.com/bzed/pgproxy/parser/ast.go:975.31,975.32 0 0
github.com/bzed/pgproxy/parser/ast.go:980.52,982.25 2 0
github.com/bzed/pgproxy/parser/ast.go:982.25,985.3 2 0
github.com/bzed/pgproxy/parser/ast.go:994.52,996.2 1 0
github.com/bzed/pgproxy/parser/ast.go:1001.46,1002.17 1 0
github.com/bzed/pgproxy/parser/ast.go:1002.17,1004.3 1 0
github.com/bzed/pgproxy/parser/ast.go:1005.2,1005.64 1 0
github.com/bzed/pgproxy/parser/filter.go:17.55,20.44 1 0
github.com/bzed/pgproxy/parser/filter.go:20.44,22.3 1 0
github.com/bzed/pgproxy/parser/filter.go:23.2,23.55 1 0
github.com/bzed/pgproxy/parser/filter.go:28.30,30.16 2 0
github.com/bzed/pgproxy/parser/filter.go:30.16,33.3 2 0
github.com/bzed/pgproxy/parser/filter.go:35.2,35.21 1 0
github.com/bzed/pgproxy/parser/filter.go:36.15,37.37 1 0
github.com/bzed/pgproxy/parser/filter.go:38.15,39.37 1 0
github.com/bzed/pgproxy/parser/filter.go:40.15,41.37 1 0
github.com/bzed/pgproxy/parser/filter.go:42.15,43.37 1 0
github.com/bzed/pgproxy/parser/filter.go:45.2,45.14 1 0
github.com/bzed/pgproxy/parser/filter.go:49.50,52.2 2 0
github.com/bzed/pgproxy/parser/filter.go:54.36,56.2 1 0
github.com/bzed/pgproxy/parser/filter.go:58.38,61.25 3 0
github.com/bzed/pgproxy/parser/filter.go:61.25,63.3 1 0
github.com/bzed/pgproxy/parser/filter.go:64.2,64.14 1 0
github.com/bzed/pgproxy/parser/filter.go:67.41,70.47 3 0
github.com/bzed/pgproxy/parser/filter.go:70.47,72.3 1 0
github.com/bzed/pgproxy/parser/filter.go:73.2,73.14 1 0
github.com/bzed/pgproxy/parser/filter.go:76.36,78.2 1 0
github.com/bzed/pgproxy/parser/filter.go:80.38,83.27 3 0
github.com/bzed/pgproxy/parser/filter.go:83.27,85.3 1 0
github.com/bzed/pgproxy/parser/filter.go:86.2,86.14 1 0
github.com/bzed/pgproxy/parser/filter.go:89.36,91.2 1 0
github.com/bzed/pgproxy/parser/filter.go:93.38,96.27 3 0
github.com/bzed/pgproxy/parser/filter.go:96.27,98.3 1 0
github.com/bzed/pgproxy/parser/filter.go:99.2,99.14 1 0
github.com/bzed/pgproxy/parser/filter.go:102.36,104.2 1 0
github.com/bzed/pgproxy/parser/parsed_query.go:27.92,28.32 1 1
github.com/bzed/pgproxy/parser/parsed_query.go:28.32,30.3 1 1
github.com/bzed/pgproxy/parser/parsed_query.go:31.2,33.39 3 1
github.com/bzed/pgproxy/parser/parsed_query.go:33.39,37.17 4 1
github.com/bzed/pgproxy/parser/parsed_query.go:37.17,39.4 1 1
github.com/bzed/pgproxy/parser/parsed_query.go:40.3,40.52 1 1
github.com/bzed/pgproxy/parser/parsed_query.go:40.52,42.4 1 1
github.com/bzed/pgproxy/parser/parsed_query.go:43.3,43.36 1 1
github.com/bzed/pgproxy/parser/parsed_query.go:45.2,46.25 2 1
github.com/bzed/pgproxy/parser/parsed_query.go:49.54,51.2 1 0
github.com/bzed/pgproxy/parser/parsed_query.go:53.62,54.33 1 1
github.com/bzed/pgproxy/parser/parsed_query.go:55.11,56.26 1 1
github.com/bzed/pgproxy/parser/parsed_query.go:57.24,58.37 1 1
github.com/bzed/pgproxy/parser/parsed_query.go:58.37,59.14 1 1
github.com/bzed/pgproxy/parser/parsed_query.go:59.14,61.5 1 1
github.com/bzed/pgproxy/parser/parsed_query.go:62.4,62.55 1 1
github.com/bzed/pgproxy/parser/parsed_query.go:62.55,64.5 1 0
github.com/bzed/pgproxy/parser/parsed_query.go:66.26,67.37 1 1
github.com/bzed/pgproxy/parser/parsed_query.go:67.37,68.14 1 1
github.com/bzed/pgproxy/parser/parsed_query.go:68.14,70.5 1 1
github.com/bzed/pgproxy/parser/parsed_query.go:71.4,72.55 2 1
github.com/bzed/pgproxy/parser/parsed_query.go:72.55,74.5 1 0
github.com/bzed/pgproxy/parser/parsed_query.go:75.4,75.22 1 1
github.com/bzed/pgproxy/parser/parsed_query.go:77.21,79.29 2 1
github.com/bzed/pgproxy/parser/parsed_query.go:79.29,80.14 1 1
github.com/bzed/pgproxy/parser/parsed_query.go:80.14,82.5 1 1
github.com/bzed/pgproxy/parser/parsed_query.go:83.4,83.46 1 1
github.com/bzed/pgproxy/parser/parsed_query.go:83.46,85.5 1 0
github.com/bzed/pgproxy/parser/parsed_query.go:87.3,87.21 1 1
github.com/bzed/pgproxy/parser/parsed_query.go:88.25,89.45 1 1
github.com/bzed/pgproxy/parser/parsed_query.go:89.45,91.4 1 1
github.com/bzed/pgproxy/parser/parsed_query.go:92.10,94.17 2 1
github.com/bzed/pgproxy/parser/parsed_query.go:94.17,96.4 1 1
github.com/bzed/pgproxy/parser/parsed_query.go:97.3,97.19 1 1
github.com/bzed/pgproxy/parser/parsed_query.go:99.2,99.12 1 1
github.com/bzed/pgproxy/parser/parsed_query.go:107.63,108.24 1 1
github.com/bzed/pgproxy/parser/parsed_query.go:108.24,110.3 1 1
github.com/bzed/pgproxy/parser/parsed_query.go:111.2,111.27 1 1
github.com/bzed/pgproxy/parser/parsed_query.go:111.27,113.3 1 1
github.com/bzed/pgproxy/parser/parsed_query.go:114.2,114.34 1 1
github.com/bzed/pgproxy/parser/parsed_query.go:117.67,120.29 3 1
github.com/bzed/pgproxy/parser/parsed_query.go:120.29,121.18 1 1
github.com/bzed/pgproxy/parser/parsed_query.go:121.18,123.4 1 1
github.com/bzed/pgproxy/parser/parsed_query.go:124.3,124.13 1 1
github.com/bzed/pgproxy/parser/parsed_query.go:124.13,126.4 1 1
github.com/bzed/pgproxy/parser/parsed_query.go:127.3,127.45 1 1
github.com/bzed/pgproxy/parser/parsed_query.go:127.45,129.4 1 0
github.com/bzed/pgproxy/parser/parsed_query.go:131.2,132.12 2 1
github.com/bzed/pgproxy/parser/parsed_query.go:135.73,136.29 1 1
github.com/bzed/pgproxy/parser/parsed_query.go:136.29,137.13 1 1
github.com/bzed/pgproxy/parser/parsed_query.go:137.13,139.4 1 1
github.com/bzed/pgproxy/parser/parsed_query.go:140.3,141.33 2 1
github.com/bzed/pgproxy/parser/parsed_query.go:141.33,142.14 1 1
github.com/bzed/pgproxy/parser/parsed_query.go:142.14,144.5 1 1
github.com/bzed/pgproxy/parser/parsed_query.go:145.4,147.49 3 1
github.com/bzed/pgproxy/parser/parsed_query.go:147.49,149.5 1 0
github.com/bzed/pgproxy/parser/parsed_query.go:151.3,151.21 1 1
github.com/bzed/pgproxy/parser/parsed_query.go:153.2,153.12 1 1
github.com/bzed/pgproxy/parser/parsed_query.go:156.112,158.20 2 1
github.com/bzed/pgproxy/parser/parsed_query.go:158.20,161.3 2 1
github.com/bzed/pgproxy/parser/parsed_query.go:162.2,163.9 2 1
github.com/bzed/pgproxy/parser/parsed_query.go:163.9,165.3 1 1
github.com/bzed/pgproxy/parser/parsed_query.go:166.2,167.12 2 1
github.com/bzed/pgproxy/parser/parsed_query.go:167.12,168.15 1 1
github.com/bzed/pgproxy/parser/parsed_query.go:168.15,170.4 1 1
github.com/bzed/pgproxy/parser/parsed_query.go:171.3,171.21 1 1
github.com/bzed/pgproxy/parser/parsed_query.go:171.21,173.4 1 1
github.com/bzed/pgproxy/parser/parsed_query.go:174.3,174.25 1 1
github.com/bzed/pgproxy/parser/parsed_query.go:176.2,176.13 1 1
github.com/bzed/pgproxy/parser/parsed_query.go:176.13,178.3 1 1
github.com/bzed/pgproxy/parser/parsed_query.go:179.2,179.29 1 1
github.com/bzed/pgproxy/parser/rewriter.go:13.47,15.2 1 1
github.com/bzed/pgproxy/parser/rewriter.go:16.56,17.24 1 1
github.com/bzed/pgproxy/parser/rewriter.go:17.24,19.3 1 1
github.com/bzed/pgproxy/parser/rewriter.go:20.2,21.24 2 1
github.com/bzed/pgproxy/parser/rewriter.go:22.21,23.49 1 1
github.com/bzed/pgproxy/parser/rewriter.go:23.49,26.4 2 1
github.com/bzed/pgproxy/parser/rewriter.go:26.9,26.47 1 1
github.com/bzed/pgproxy/parser/rewriter.go:26.47,27.39 1 1
github.com/bzed/pgproxy/parser/rewriter.go:27.39,30.5 2 1
github.com/bzed/pgproxy/parser/rewriter.go:32.22,33.43 1 1
github.com/bzed/pgproxy/parser/rewriter.go:33.43,36.4 2 1
github.com/bzed/pgproxy/parser/rewriter.go:37.38,38.36 1 1
github.com/bzed/pgproxy/parser/sql.y:8.0,10.0 1 1
github.com/bzed/pgproxy/parser/sql.y:12.0,14.0 1 1
github.com/bzed/pgproxy/parser/sql.y:16.0,18.0 1 0
github.com/bzed/pgproxy/parser/token.go:33.48,35.2 1 1
github.com/bzed/pgproxy/parser/token.go:143.48,145.21 2 1
github.com/bzed/pgproxy/parser/token.go:145.21,146.24 1 0
github.com/bzed/pgproxy/parser/token.go:146.24,147.9 1 0
github.com/bzed/pgproxy/parser/token.go:149.3,149.24 1 0
github.com/bzed/pgproxy/parser/token.go:151.2,151.13 1 1
github.com/bzed/pgproxy/parser/token.go:152.56,153.19 1 1
github.com/bzed/pgproxy/parser/token.go:155.2,156.12 2 1
github.com/bzed/pgproxy/parser/token.go:160.41,162.27 2 0
github.com/bzed/pgproxy/parser/token.go:162.27,164.3 1 0
github.com/bzed/pgproxy/parser/token.go:164.8,166.3 1 0
github.com/bzed/pgproxy/parser/token.go:167.2,167.30 1 0
github.com/bzed/pgproxy/parser/token.go:172.44,173.18 1 1
github.com/bzed/pgproxy/parser/token.go:173.18,175.3 1 0
github.com/bzed/pgproxy/parser/token.go:177.2,177.23 1 1
github.com/bzed/pgproxy/parser/token.go:177.23,179.3 1 1
github.com/bzed/pgproxy/parser/token.go:180.2,181.29 2 1
github.com/bzed/pgproxy/parser/token.go:182.20,183.30 1 1
github.com/bzed/pgproxy/parser/token.go:184.19,185.31 1 1
github.com/bzed/pgproxy/parser/token.go:186.17,187.27 1 1
github.com/bzed/pgproxy/parser/token.go:188.10,190.13 2 1
github.com/bzed/pgproxy/parser/token.go:191.16,192.17 1 1
github.com/bzed/pgproxy/parser/token.go:193.67,194.23 1 1
github.com/bzed/pgproxy/parser/token.go:195.12,199.33 4 0
github.com/bzed/pgproxy/parser/token.go:200.12,201.29 1 1
github.com/bzed/pgproxy/parser/token.go:201.29,203.5 1 0
github.com/bzed/pgproxy/parser/token.go:203.10,205.5 1 1
github.com/bzed/pgproxy/parser/token.go:206.12,207.24 1 0
github.com/bzed/pgproxy/parser/token.go:208.13,210.38 2 0
github.com/bzed/pgproxy/parser/token.go:211.13,213.34 2 0
github.com/bzed/pgproxy/parser/token.go:214.12,215.24 1 0
github.com/bzed/pgproxy/parser/token.go:217.12,218.27 1 0
github.com/bzed/pgproxy/parser/token.go:218.27,221.5 2 0
github.com/bzed/pgproxy/parser/token.go:221.10,223.5 1 0
github.com/bzed/pgproxy/parser/token.go:224.12,225.24 1 0
github.com/bzed/pgproxy/parser/token.go:226.13,228.19 2 0
github.com/bzed/pgproxy/parser/token.go:229.13,231.25 2 0
github.com/bzed/pgproxy/parser/token.go:232.14,234.33 2 0
github.com/bzed/pgproxy/parser/token.go:235.13,236.20 1 0
github.com/bzed/pgproxy/parser/token.go:238.12,239.24 1 0
github.com/bzed/pgproxy/parser/token.go:241.12,242.27 1 0
github.com/bzed/pgproxy/parser/token.go:242.27,245.5 2 0
github.com/bzed/pgproxy/parser/token.go:245.10,247.5 1 0
github.com/bzed/pgproxy/parser/token.go:248.12,249.27 1 0
github.com/bzed/pgproxy/parser/token.go:249.27,252.5 2 0
github.com/bzed/pgproxy/parser/token.go:252.10,254.5 1 0
github.com/bzed/pgproxy/parser/token.go:255.18,256.37 1 1
github.com/bzed/pgproxy/parser/token.go:257.12,258.38 1 0
github.com/bzed/pgproxy/parser/token.go:259.11,260.38 1 0
github.com/bzed/pgproxy/parser/token.go:265.35,267.58 2 1
github.com/bzed/pgproxy/parser/token.go:267.58,270.3 2 1
github.com/bzed/pgproxy/parser/token.go:273.54,276.78 3 1
github.com/bzed/pgproxy/parser/token.go:276.78,278.3 1 1
github.com/bzed/pgproxy/parser/token.go:279.2,280.58 2 1
github.com/bzed/pgproxy/parser/token.go:280.58,282.3 1 1
github.com/bzed/pgproxy/parser/token.go:283.2,283.27 1 1
github.com/bzed/pgproxy/parser/token.go:286.61,289.29 3 0
github.com/bzed/pgproxy/parser/token.go:289.29,291.3 1 0
github.com/bzed/pgproxy/parser/token.go:292.2,292.78 1 0
github.com/bzed/pgproxy/parser/token.go:292.78,294.3 1 0
github.com/bzed/pgproxy/parser/token.go:295.2,295.25 1 0
github.com/bzed/pgproxy/parser/token.go:295.25,297.3 1 0
github.com/bzed/pgproxy/parser/token.go:298.2,299.27 2 0
github.com/bzed/pgproxy/parser/token.go:302.51,307.25 5 1
github.com/bzed/pgproxy/parser/token.go:307.25,311.3 3 1
github.com/bzed/pgproxy/parser/token.go:312.2,312.29 1 1
github.com/bzed/pgproxy/parser/token.go:312.29,314.3 1 0
github.com/bzed/pgproxy/parser/token.go:315.2,315.77 1 1
github.com/bzed/pgproxy/parser/token.go:315.77,318.3 2 1
github.com/bzed/pgproxy/parser/token.go:319.2,319.30 1 1
github.com/bzed/pgproxy/parser/token.go:322.68,323.36 1 1
github.com/bzed/pgproxy/parser/token.go:323.36,325.3 1 1
github.com/bzed/pgproxy/parser/token.go:328.71,330.22 2 1
github.com/bzed/pgproxy/parser/token.go:330.22,333.16 3 0
github.com/bzed/pgproxy/parser/token.go:336.2,336.25 1 1
github.com/bzed/pgproxy/parser/token.go:336.25,339.49 2 0
github.com/bzed/pgproxy/parser/token.go:339.49,343.4 2 0
github.com/bzed/pgproxy/parser/token.go:343.9,347.50 3 0
github.com/bzed/pgproxy/parser/token.go:347.50,351.5 2 0
github.com/bzed/pgproxy/parser/token.go:352.4,352.73 1 0
github.com/bzed/pgproxy/parser/token.go:352.73,353.18 1 0
github.com/bzed/pgproxy/parser/token.go:356.4,356.24 1 0
github.com/bzed/pgproxy/parser/token.go:356.24,358.5 1 0
github.com/bzed/pgproxy/parser/token.go:360.3,360.12 1 0
github.com/bzed/pgproxy/parser/token.go:364.2,366.1 2 1
github.com/bzed/pgproxy/parser/token.go:367.2,367.25 1 1
github.com/bzed/pgproxy/parser/token.go:367.25,370.3 2 0
github.com/bzed/pgproxy/parser/token.go:373.2,373.48 1 1
github.com/bzed/pgproxy/parser/token.go:373.48,375.49 2 0
github.com/bzed/pgproxy/parser/token.go:375.49,377.4 1 0
github.com/bzed/pgproxy/parser/token.go:378.3,378.31 1 0
github.com/bzed/pgproxy/parser/token.go:382.2,382.31 1 1
github.com/bzed/pgproxy/parser/token.go:385.71,387.6 2 1
github.com/bzed/pgproxy/parser/token.go:387.6,390.18 3 1
github.com/bzed/pgproxy/parser/token.go:390.18,391.29 1 1
github.com/bzed/pgproxy/parser/token.go:391.29,393.5 1 0
github.com/bzed/pgproxy/parser/token.go:393.10,394.10 1 1
github.com/bzed/pgproxy/parser/token.go:396.9,396.24 1 1
github.com/bzed/pgproxy/parser/token.go:396.24,397.31 1 0
github.com/bzed/pgproxy/parser/token.go:397.31,399.5 1 0
github.com/bzed/pgproxy/parser/token.go:400.4,400.100 1 0
github.com/bzed/pgproxy/parser/token.go:400.100,402.5 1 0
github.com/bzed/pgproxy/parser/token.go:402.10,404.5 1 0
github.com/bzed/pgproxy/parser/token.go:405.4,405.14 1 0
github.com/bzed/pgproxy/parser/token.go:407.3,407.20 1 1
github.com/bzed/pgproxy/parser/token.go:407.20,409.4 1 0
github.com/bzed/pgproxy/parser/token.go:410.3,410.29 1 1
github.com/bzed/pgproxy/parser/token.go:412.2,412.28 1 1
github.com/bzed/pgproxy/parser/token.go:415.69,418.30 3 0
github.com/bzed/pgproxy/parser/token.go:418.30,419.27 1 0
github.com/bzed/pgproxy/parser/token.go:419.27,421.9 2 0
github.com/bzed/pgproxy/parser/token.go:423.3,423.26 1 0
github.com/bzed/pgproxy/parser/token.go:425.2,425.32 1 0
github.com/bzed/pgproxy/parser/token.go:428.56,431.6 3 0
github.com/bzed/pgproxy/parser/token.go:431.6,432.26 1 0
github.com/bzed/pgproxy/parser/token.go:432.26,434.27 2 0
github.com/bzed/pgproxy/parser/token.go:434.27,436.10 2 0
github.com/bzed/pgproxy/parser/token.go:438.4,438.12 1 0
github.com/bzed/pgproxy/parser/token.go:440.3,440.30 1 0
github.com/bzed/pgproxy/parser/token.go:440.30,442.4 1 0
github.com/bzed/pgproxy/parser/token.go:443.3,443.26 1 0
github.com/bzed/pgproxy/parser/token.go:445.2,445.32 1 0
github.com/bzed/pgproxy/parser/token.go:448.57,449.29 1 1
github.com/bzed/pgproxy/parser/token.go:449.29,451.26 1 0
github.com/bzed/pgproxy/parser/token.go:453.2,454.12 2 1
github.com/bzed/pgproxy/parser/token.go:457.30,458.52 1 1
github.com/bzed/pgproxy/parser/token.go:458.52,461.3 1 1
github.com/bzed/pgproxy/parser/token.go:461.8,463.3 1 1
github.com/bzed/pgproxy/parser/token.go:464.2,464.16 1 1
github.com/bzed/pgproxy/parser/token.go:467.31,469.2 1 1
github.com/bzed/pgproxy/parser/token.go:471.30,472.9 1 1
github.com/bzed/pgproxy/parser/token.go:473.30,474.23 1 1
github.com/bzed/pgproxy/parser/token.go:475.30,476.28 1 0
github.com/bzed/pgproxy/parser/token.go:477.30,478.28 1 0
github.com/bzed/pgproxy/parser/token.go:480.2,480.11 1 1
github.com/bzed/pgproxy/parser/token.go:483.30,485.2 1 1
github.com/bzed/pgproxy/parser/tracked_buffer.go:25.92,32.2 2 1
github.com/bzed/pgproxy/parser/tracked_buffer.go:40.74,43.23 3 1
github.com/bzed/pgproxy/parser/tracked_buffer.go:43.23,45.35 2 1
github.com/bzed/pgproxy/parser/tracked_buffer.go:45.35,47.4 1 1
github.com/bzed/pgproxy/parser/tracked_buffer.go:48.3,48.16 1 1
github.com/bzed/pgproxy/parser/tracked_buffer.go:48.16,50.4 1 1
github.com/bzed/pgproxy/parser/tracked_buffer.go:51.3,51.15 1 1
github.com/bzed/pgproxy/parser/tracked_buffer.go:51.15,52.9 1 1
github.com/bzed/pgproxy/parser/tracked_buffer.go:54.3,55.20 2 1
github.com/bzed/pgproxy/parser/tracked_buffer.go:56.12,57.40 1 0
github.com/bzed/pgproxy/parser/tracked_buffer.go:58.14,59.21 1 0
github.com/bzed/pgproxy/parser/tracked_buffer.go:60.14,61.21 1 0
github.com/bzed/pgproxy/parser/tracked_buffer.go:62.12,63.48 1 0
github.com/bzed/pgproxy/parser/tracked_buffer.go:65.12,66.40 1 1
github.com/bzed/pgproxy/parser/tracked_buffer.go:67.16,68.17 1 1
github.com/bzed/pgproxy/parser/tracked_buffer.go:69.16,70.23 1 1
github.com/bzed/pgproxy/parser/tracked_buffer.go:71.12,72.48 1 0
github.com/bzed/pgproxy/parser/tracked_buffer.go:74.12,76.32 2 1
github.com/bzed/pgproxy/parser/tracked_buffer.go:76.32,78.5 1 1
github.com/bzed/pgproxy/parser/tracked_buffer.go:78.10,80.5 1 0
github.com/bzed/pgproxy/parser/tracked_buffer.go:81.12,82.43 1 0
github.com/bzed/pgproxy/parser/tracked_buffer.go:83.11,84.23 1 0
github.com/bzed/pgproxy/parser/tracked_buffer.go:86.3,87.6 2 1
github.com/bzed/pgproxy/parser/tracked_buffer.go:93.48,99.2 2 1
github.com/bzed/pgproxy/parser/tracked_buffer.go:101.54,103.2 1 1
github.com/bzed/pgproxy/parser/tracked_buffer.go:105.46,107.2 1 0
github.com/bzed/pgproxy/parser/yaccpar:23.0,25.0 1 0
github.com/bzed/pgproxy/parser/yaccpar:27.0,29.0 1 1
github.com/bzed/pgproxy/parser/yaccpar:29.0,29.0 1 0
github.com/bzed/pgproxy/parser/yaccpar:31.0,31.0 1 1
github.com/bzed/pgproxy/parser/yaccpar:36.0,37.0 1 0
github.com/bzed/pgproxy/parser/yaccpar:37.0,38.0 1 0
github.com/bzed/pgproxy/parser/yaccpar:38.0,40.0 1 0
github.com/bzed/pgproxy/parser/yaccpar:42.0,42.0 1 0
github.com/bzed/pgproxy/parser/yaccpar:45.0,46.0 1 0
github.com/bzed/pgproxy/parser/yaccpar:46.0,47.0 1 0
github.com/bzed/pgproxy/parser/yaccpar:47.0,49.0 1 0
github.com/bzed/pgproxy/parser/yaccpar:51.0,51.0 1 0
github.com/bzed/pgproxy/parser/yaccpar:54.0,57.0 2 0
github.com/bzed/pgproxy/parser/yaccpar:57.0,59.0 1 0
github.com/bzed/pgproxy/parser/yaccpar:61.0,61.0 1 0
github.com/bzed/pgproxy/parser/yaccpar:61.0,62.0 1 0
github.com/bzed/pgproxy/parser/yaccpar:62.0,64.0 1 0
github.com/bzed/pgproxy/parser/yaccpar:67.0,74.0 4 0
github.com/bzed/pgproxy/parser/yaccpar:74.0,75.0 1 0
github.com/bzed/pgproxy/parser/yaccpar:75.0,76.0 1 0
github.com/bzed/pgproxy/parser/yaccpar:76.0,78.0 1 0
github.com/bzed/pgproxy/parser/yaccpar:79.0,79.0 1 0
github.com/bzed/pgproxy/parser/yaccpar:83.0,83.0 1 0
github.com/bzed/pgproxy/parser/yaccpar:83.0,85.0 2 0
github.com/bzed/pgproxy/parser/yaccpar:85.0,87.0 1 0
github.com/bzed/pgproxy/parser/yaccpar:90.0,90.0 1 0
github.com/bzed/pgproxy/parser/yaccpar:90.0,92.0 2 0
github.com/bzed/pgproxy/parser/yaccpar:92.0,93.0 1 0
github.com/bzed/pgproxy/parser/yaccpar:95.0,95.0 1 0
github.com/bzed/pgproxy/parser/yaccpar:95.0,97.0 1 0
github.com/bzed/pgproxy/parser/yaccpar:98.0,98.0 1 0
github.com/bzed/pgproxy/parser/yaccpar:102.0,102.0 1 0
github.com/bzed/pgproxy/parser/yaccpar:102.0,104.0 1 0
github.com/bzed/pgproxy/parser/yaccpar:107.0,107.0 1 0
github.com/bzed/pgproxy/parser/yaccpar:107.0,108.0 1 0
github.com/bzed/pgproxy/parser/yaccpar:108.0,110.0 1 0
github.com/bzed/pgproxy/parser/yaccpar:110.0,112.0 1 0
github.com/bzed/pgproxy/parser/yaccpar:113.0,113.0 1 0
github.com/bzed/pgproxy/parser/yaccpar:115.0,115.0 1 0
github.com/bzed/pgproxy/parser/yaccpar:118.0,121.0 3 1
github.com/bzed/pgproxy/parser/yaccpar:121.0,123.0 2 1
github.com/bzed/pgproxy/parser/yaccpar:125.0,125.0 1 1
github.com/bzed/pgproxy/parser/yaccpar:125.0,127.0 2 1
github.com/bzed/pgproxy/parser/yaccpar:129.0,129.0 1 1
github.com/bzed/pgproxy/parser/yaccpar:129.0,130.0 1 1
github.com/bzed/pgproxy/parser/yaccpar:130.0,132.0 2 1
github.com/bzed/pgproxy/parser/yaccpar:135.0,135.0 1 0
github.com/bzed/pgproxy/parser/yaccpar:135.0,137.0 2 0
github.com/bzed/pgproxy/parser/yaccpar:137.0,139.0 2 0
github.com/bzed/pgproxy/parser/yaccpar:144.0,144.0 1 1
github.com/bzed/pgproxy/parser/yaccpar:144.0,146.0 1 0
github.com/bzed/pgproxy/parser/yaccpar:147.0,147.0 1 1
github.com/bzed/pgproxy/parser/yaccpar:147.0,149.0 1 0
github.com/bzed/pgproxy/parser/yaccpar:150.0,150.0 1 1
github.com/bzed/pgproxy/parser/yaccpar:153.0,155.0 1 1
github.com/bzed/pgproxy/parser/yaccpar:157.0,170.0 12 1
github.com/bzed/pgproxy/parser/yaccpar:170.0,170.0 1 0
github.com/bzed/pgproxy/parser/yaccpar:171.0,171.0 1 1
github.com/bzed/pgproxy/parser/yaccpar:171.0,176.0 3 1
github.com/bzed/pgproxy/parser/yaccpar:177.0,178.0 2 1
github.com/bzed/pgproxy/parser/yaccpar:181.0,183.0 2 1
github.com/bzed/pgproxy/parser/yaccpar:184.0,186.0 2 0
github.com/bzed/pgproxy/parser/yaccpar:188.0,188.0 1 1
github.com/bzed/pgproxy/parser/yaccpar:188.0,190.0 1 0
github.com/bzed/pgproxy/parser/yaccpar:192.0,193.0 2 1
github.com/bzed/pgproxy/parser/yaccpar:193.0,197.0 3 0
github.com/bzed/pgproxy/parser/yaccpar:198.0,201.0 3 1
github.com/bzed/pgproxy/parser/yaccpar:202.0,203.0 2 1
github.com/bzed/pgproxy/parser/yaccpar:203.0,204.0 1 1
github.com/bzed/pgproxy/parser/yaccpar:206.0,206.0 1 1
github.com/bzed/pgproxy/parser/yaccpar:206.0,208.0 1 1
github.com/bzed/pgproxy/parser/yaccpar:209.0,210.0 2 1
github.com/bzed/pgproxy/parser/yaccpar:210.0,211.0 1 1
github.com/bzed/pgproxy/parser/yaccpar:213.0,214.0 2 1
github.com/bzed/pgproxy/parser/yaccpar:214.0,219.0 5 1
github.com/bzed/pgproxy/parser/yaccpar:219.0,221.0 1 0
github.com/bzed/pgproxy/parser/yaccpar:222.0,222.0 1 1
github.com/bzed/pgproxy/parser/yaccpar:227.0,228.0 2 1
github.com/bzed/pgproxy/parser/yaccpar:228.0,229.0 1 1
github.com/bzed/pgproxy/parser/yaccpar:229.0,231.0 1 1
github.com/bzed/pgproxy/parser/yaccpar:234.0,235.0 2 1
github.com/bzed/pgproxy/parser/yaccpar:235.0,236.0 1 1
github.com/bzed/pgproxy/parser/yaccpar:236.0,237.0 1 1
github.com/bzed/pgproxy/parser/yaccpar:239.0,239.0 1 0
github.com/bzed/pgproxy/parser/yaccpar:241.0,241.0 1 1
github.com/bzed/pgproxy/parser/yaccpar:241.0,243.0 2 1
github.com/bzed/pgproxy/parser/yaccpar:243.0,244.0 1 1
github.com/bzed/pgproxy/parser/yaccpar:247.0,248.0 2 1
github.com/bzed/pgproxy/parser/yaccpar:248.0,249.0 1 1
github.com/bzed/pgproxy/parser/yaccpar:252.0,252.0 1 1
github.com/bzed/pgproxy/parser/yaccpar:252.0,254.0 1 0
github.com/bzed/pgproxy/parser/yaccpar:255.0,258.0 3 0
github.com/bzed/pgproxy/parser/yaccpar:258.0,261.0 2 0
github.com/bzed/pgproxy/parser/yaccpar:262.0,262.0 1 0
github.com/bzed/pgproxy/parser/yaccpar:264.0,268.0 2 0
github.com/bzed/pgproxy/parser/yaccpar:268.0,270.0 2 0
github.com/bzed/pgproxy/parser/yaccpar:270.0,272.0 2 0
github.com/bzed/pgproxy/parser/yaccpar:272.0,273.0 1 0
github.com/bzed/pgproxy/parser/yaccpar:278.0,278.0 1 0
github.com/bzed/pgproxy/parser/yaccpar:278.0,280.0 1 0
github.com/bzed/pgproxy/parser/yaccpar:281.0,281.0 1 0
github.com/bzed/pgproxy/parser/yaccpar:284.0,284.0 1 0
github.com/bzed/pgproxy/parser/yaccpar:286.0,287.0 1 0
github.com/bzed/pgproxy/parser/yaccpar:287.0,289.0 1 0
github.com/bzed/pgproxy/parser/yaccpar:290.0,290.0 1 0
github.com/bzed/pgproxy/parser/yaccpar:290.0,291.0 1 0
github.com/bzed/pgproxy/parser/yaccpar:293.0,295.0 3 0
github.com/bzed/pgproxy/parser/yaccpar:300.0,300.0 1 1
github.com/bzed/pgproxy/parser/yaccpar:300.0,302.0 1 0
github.com/bzed/pgproxy/parser/yaccpar:304.0,311.0 5 1
github.com/bzed/pgproxy/parser/yaccpar:311.0,315.0 3 0
github.com/bzed/pgproxy/parser/yaccpar:316.0,323.0 5 1
github.com/bzed/pgproxy/parser/yaccpar:323.0,325.0 1 1
github.com/bzed/pgproxy/parser/yaccpar:325.0,327.0 2 1
github.com/bzed/pgproxy/parser/yaccpar:327.0,329.0 1 1
github.com/bzed/pgproxy/parser/yaccpar:332.0,332.0 1 1
github.com/bzed/pgproxy/parser/yaccpar:334.0,337.0 2 1
github.com/bzed/pgproxy/parser/yaccpar:337.0,339.0 1 1
github.com/bzed/pgproxy/parser/yaccpar:340.0,343.0 2 1
github.com/bzed/pgproxy/parser/yaccpar:343.0,345.0 1 1
github.com/bzed/pgproxy/parser/yaccpar:346.0,349.0 2 1
github.com/bzed/pgproxy/parser/yaccpar:349.0,351.0 1 1
github.com/bzed/pgproxy/parser/yaccpar:352.0,355.0 2 0
github.com/bzed/pgproxy/parser/yaccpar:355.0,357.0 1 0
github.com/bzed/pgproxy/parser/yaccpar:358.0,361.0 2 1
github.com/bzed/pgproxy/parser/yaccpar:361.0,363.0 1 1
github.com/bzed/pgproxy/parser/yaccpar:364.0,367.0 2 0
github.com/bzed/pgproxy/parser/yaccpar:367.0,370.0 3 0
github.com/bzed/pgproxy/parser/yaccpar:370.0,373.0 2 0
[...]
github.com/bzed/pgproxy/parser/yaccpar:1104.0,1107.0 2 1
github.com/bzed/pgproxy/parser/yaccpar:1107.0,1109.0 1 1
github.com/bzed/pgproxy/parser/yaccpar:1110.0,1113.0 2 1
github.com/bzed/pgproxy/parser/yaccpar:1113.0,1115.0 1 1
github.com/bzed/pgproxy/parser/yaccpar:1116.0,1119.0 2 0
github.com/bzed/pgproxy/parser/yaccpar:1119.0,1121.0 1 0
github.com/bzed/pgproxy/parser/yaccpar:1122.0,1125.0 2 0
github.com/bzed/pgproxy/parser/yaccpar:1125.0,1127.0 1 0
github.com/bzed/pgproxy/parser/yaccpar:1128.0,1131.0 2 0
github.com/bzed/pgproxy/parser/yaccpar:1131.0,1133.0 1 0
github.com/bzed/pgproxy/parser/yaccpar:1134.0,1137.0 2 0
github.com/bzed/pgproxy/parser/yaccpar:1137.0,1139.0 1 0
github.com/bzed/pgproxy/parser/yaccpar:1140.0,1143.0 2 0
github.com/bzed/pgproxy/parser/yaccpar:1143.0,1145.0 1 0
github.com/bzed/pgproxy/parser/yaccpar:1146.0,1149.0 2 0
github.com/bzed/pgproxy/parser/yaccpar:1149.0,1151.0 1 0
github.com/bzed/pgproxy/parser/yaccpar:1152.0,1155.0 2 0
github.com/bzed/pgproxy/parser/yaccpar:1155.0,1157.0 1 0
github.com/bzed/pgproxy/parser/yaccpar:1158.0,1161.0 2 0
github.com/bzed/pgproxy/parser/yaccpar:1161.0,1163.0 1 0
github.com/bzed/pgproxy/parser/yaccpar:1164.0,1167.0 2 1
github.com/bzed/pgproxy/parser/yaccpar:1167.0,1169.0 1 1
github.com/bzed/pgproxy/parser/yaccpar:1170.0,1173.0 2 0
github.com/bzed/pgproxy/parser/yaccpar:1173.0,1175.0 1 0
github.com/bzed/pgproxy/parser/yaccpar:1176.0,1179.0 2 0
github.com/bzed/pgproxy/parser/yaccpar:1179.0,1181.0 1 0
github.com/bzed/pgproxy/parser/yaccpar:1182.0,1185.0 2 0
github.com/bzed/pgproxy/parser/yaccpar:1185.0,1187.0 1 0
github.com/bzed/pgproxy/parser/yaccpar:1188.0,1191.0 2 0
github.com/bzed/pgproxy/parser/yaccpar:1191.0,1193.0 1 0
github.com/bzed/pgproxy/parser/yaccpar:1194.0,1197.0 2 0
github.com/bzed/pgproxy/parser/yaccpar:1197.0,1199.0 1 0
github.com/bzed/pgproxy/parser/yaccpar:1200.0,1203.0 2 0
github.com/bzed/pgproxy/parser/yaccpar:1203.0,1205.0 1 0
github.com/bzed/pgproxy/parser/yaccpar:1206.0,1209.0 2 1
github.com/bzed/pgproxy/parser/yaccpar:1209.0,1211.0 1 1
github.com/bzed/pgproxy/parser/yaccpar:1212.0,1215.0 2 0
github.com/bzed/pgproxy/parser/yaccpar:1215.0,1217.0 1 0
github.com/bzed/pgproxy/parser/yaccpar:1218.0,1221.0 2 1
github.com/bzed/pgproxy/parser/yaccpar:1221.0,1223.0 1 1
github.com/bzed/pgproxy/parser/yaccpar:1224.0,1227.0 2 1
github.com/bzed/pgproxy/parser/yaccpar:1227.0,1229.0 1 1
github.com/bzed/pgproxy/parser/yaccpar:1230.0,1233.0 2 1
github.com/bzed/pgproxy/parser/yaccpar:1233.0,1235.0 1 1
github.com/bzed/pgproxy/parser/yaccpar:1236.0,1239.0 2 1
github.com/bzed/pgproxy/parser/yaccpar:1239.0,1241.0 1 1
github.com/bzed/pgproxy/parser/yaccpar:1242.0,1245.0 2 1
github.com/bzed/pgproxy/parser/yaccpar:1245.0,1247.0 1 1
github.com/bzed/pgproxy/parser/yaccpar:1248.0,1251.0 2 1
github.com/bzed/pgproxy/parser/yaccpar:1251.0,1253.0 1 1
github.com/bzed/pgproxy/parser/yaccpar:1254.0,1257.0 2 0
github.com/bzed/pgproxy/parser/yaccpar:1257.0,1259.0 1 0
github.com/bzed/pgproxy/parser/yaccpar:1260.0,1263.0 2 0
github.com/bzed/pgproxy/parser/yaccpar:1263.0,1265.0 1 0
github.com/bzed/pgproxy/parser/yaccpar:1266.0,1269.0 2 0
github.com/bzed/pgproxy/parser/yaccpar:1269.0,1271.0 1 0
github.com/bzed/pgproxy/parser/yaccpar:1272.0,1275.0 2 0
github.com/bzed/pgproxy/parser/yaccpar:1275.0,1277.0 1 0
github.com/bzed/pgproxy/parser/yaccpar:1278.0,1281.0 2 0
github.com/bzed/pgproxy/parser/yaccpar:1281.0,1283.0 1 0
github.com/bzed/pgproxy/parser/yaccpar:1284.0,1287.0 2 0
github.com/bzed/pgproxy/parser/yaccpar:1287.0,1289.0 1 0
github.com/bzed/pgproxy/parser/yaccpar:1290.0,1293.0 2 0
github.com/bzed/pgproxy/parser/yaccpar:1293.0,1295.0 1 0
github.com/bzed/pgproxy/parser/yaccpar:1296.0,1299.0 2 0
github.com/bzed/pgproxy/parser/yaccpar:1299.0,1301.0 1 0
github.com/bzed/pgproxy/parser/yaccpar:1302.0,1305.0 2 0
github.com/bzed/pgproxy/parser/yaccpar:1305.0,1307.0 1 0
github.com/bzed/pgproxy/parser/yaccpar:1308.0,1311.0 2 0
github.com/bzed/pgproxy/parser/yaccpar:1311.0,1312.0 1 0
github.com/bzed/pgproxy/parser/yaccpar:1312.0,1313.0 1 0
github.com/bzed/pgproxy/parser/yaccpar:1314.0,1315.0 1 0
github.com/bzed/pgproxy/parser/yaccpar:1316.0,1317.0 1 0
github.com/bzed/pgproxy/parser/yaccpar:1318.0,1319.0 1 0
github.com/bzed/pgproxy/parser/yaccpar:1321.0,1323.0 1 0
github.com/bzed/pgproxy/parser/yaccpar:1325.0,1328.0 2 0
github.com/bzed/pgproxy/parser/yaccpar:1328.0,1330.0 1 0
github.com/bzed/pgproxy/parser/yaccpar:1331.0,1334.0 2 0
github.com/bzed/pgproxy/parser/yaccpar:1334.0,1336.0 1 0
github.com/bzed/pgproxy/parser/yaccpar:1337.0,1340.0 2 0
github.com/bzed/pgproxy/parser/yaccpar:1340.0,1342.0 1 0
github.com/bzed/pgproxy/parser/yaccpar:1343.0,1346.0 2 0
github.com/bzed/pgproxy/parser/yaccpar:1346.0,1348.0 1 0
github.com/bzed/pgproxy/parser/yaccpar:1349.0,1352.0 2 0
github.com/bzed/pgproxy/parser/yaccpar:1352.0,1354.0 1 0
github.com/bzed/pgproxy/parser/yaccpar:1355.0,1358.0 2 0
github.com/bzed/pgproxy/parser/yaccpar:1358.0,1360.0 1 0
github.com/bzed/pgproxy/parser/yaccpar:1361.0,1364.0 2 0
github.com/bzed/pgproxy/parser/yaccpar:1364.0,1366.0 1 0
github.com/bzed/pgproxy/parser/yaccpar:1367.0,1370.0 2 0
github.com/bzed/pgproxy/parser/yaccpar:1370.0,1372.0 1 0
github.com/bzed/pgproxy/parser/yaccpar:1373.0,1376.0 2 0
github.com/bzed/pgproxy/parser/yaccpar:1376.0,1378.0 1 0
github.com/bzed/pgproxy/parser/yaccpar:1379.0,1382.0 2 0
github.com/bzed/pgproxy/parser/yaccpar:1382.0,1384.0 1 0
github.com/bzed/pgproxy/parser/yaccpar:1385.0,1388.0 2 0
github.com/bzed/pgproxy/parser/yaccpar:1388.0,1390.0 1 0
github.com/bzed/pgproxy/parser/yaccpar:1391.0,1394.0 2 0
github.com/bzed/pgproxy/parser/yaccpar:1394.0,1396.0 1 0
github.com/bzed/pgproxy/parser/yaccpar:1397.0,1400.0 2 0
github.com/bzed/pgproxy/parser/yaccpar:1400.0,1402.0 1 0
github.com/bzed/pgproxy/parser/yaccpar:1403.0,1406.0 2 0
github.com/bzed/pgproxy/parser/yaccpar:1406.0,1408.0 1 0
github.com/bzed/pgproxy/parser/yaccpar:1409.0,1412.0 2 0
github.com/bzed/pgproxy/parser/yaccpar:1412.0,1414.0 1 0
github.com/bzed/pgproxy/parser/yaccpar:1415.0,1418.0 2 0
github.com/bzed/pgproxy/parser/yaccpar:1418.0,1420.0 1 0
github.com/bzed/pgproxy/parser/yaccpar:1421.0,1424.0 2 0
github.com/bzed/pgproxy/parser/yaccpar:1424.0,1426.0 1 0
github.com/bzed/pgproxy/parser/yaccpar:1427.0,1430.0 2 0
github.com/bzed/pgproxy/parser/yaccpar:1430.0,1432.0 1 0
github.com/bzed/pgproxy/parser/yaccpar:1433.0,1436.0 2 1
github.com/bzed/pgproxy/parser/yaccpar:1436.0,1438.0 1 1
github.com/bzed/pgproxy/parser/yaccpar:1439.0,1442.0 2 1
github.com/bzed/pgproxy/parser/yaccpar:1442.0,1444.0 1 1
github.com/bzed/pgproxy/parser/yaccpar:1445.0,1448.0 2 1
github.com/bzed/pgproxy/parser/yaccpar:1448.0,1450.0 1 1
github.com/bzed/pgproxy/parser/yaccpar:1451.0,1454.0 2 1
github.com/bzed/pgproxy/parser/yaccpar:1454.0,1456.0 1 1
github.com/bzed/pgproxy/parser/yaccpar:1457.0,1460.0 2 1
github.com/bzed/pgproxy/parser/yaccpar:1460.0,1462.0 1 1
github.com/bzed/pgproxy/parser/yaccpar:1463.0,1466.0 2 0
github.com/bzed/pgproxy/parser/yaccpar:1466.0,1468.0 1 0
github.com/bzed/pgproxy/parser/yaccpar:1469.0,1472.0 2 1
github.com/bzed/pgproxy/parser/yaccpar:1472.0,1474.0 1 1
github.com/bzed/pgproxy/parser/yaccpar:1475.0,1478.0 2 0
github.com/bzed/pgproxy/parser/yaccpar:1478.0,1480.0 1 0
github.com/bzed/pgproxy/parser/yaccpar:1481.0,1484.0 2 1
github.com/bzed/pgproxy/parser/yaccpar:1484.0,1486.0 1 1
github.com/bzed/pgproxy/parser/yaccpar:1487.0,1490.0 2 0
github.com/bzed/pgproxy/parser/yaccpar:1490.0,1492.0 1 0
github.com/bzed/pgproxy/parser/yaccpar:1493.0,1496.0 2 1
github.com/bzed/pgproxy/parser/yaccpar:1496.0,1498.0 1 1
github.com/bzed/pgproxy/parser/yaccpar:1499.0,1502.0 2 0
github.com/bzed/pgproxy/parser/yaccpar:1502.0,1504.0 1 0
github.com/bzed/pgproxy/parser/yaccpar:1505.0,1508.0 2 0
github.com/bzed/pgproxy/parser/yaccpar:1508.0,1510.0 1 0
github.com/bzed/pgproxy/parser/yaccpar:1511.0,1514.0 2 0
github.com/bzed/pgproxy/parser/yaccpar:1514.0,1516.0 1 0
github.com/bzed/pgproxy/parser/yaccpar:1517.0,1520.0 2 0
github.com/bzed/pgproxy/parser/yaccpar:1520.0,1522.0 1 0
github.com/bzed/pgproxy/parser/yaccpar:1523.0,1526.0 2 0
github.com/bzed/pgproxy/parser/yaccpar:1526.0,1528.0 1 0
github.com/bzed/pgproxy/parser/yaccpar:1529.0,1532.0 2 0
github.com/bzed/pgproxy/parser/yaccpar:1532.0,1534.0 1 0
github.com/bzed/pgproxy/parser/yaccpar:1535.0,1538.0 2 0
github.com/bzed/pgproxy/parser/yaccpar:1538.0,1540.0 1 0
github.com/bzed/pgproxy/parser/yaccpar:1541.0,1544.0 2 1
github.com/bzed/pgproxy/parser/yaccpar:1544.0,1546.0 1 1
github.com/bzed/pgproxy/parser/yaccpar:1547.0,1550.0 2 0
github.com/bzed/pgproxy/parser/yaccpar:1550.0,1552.0 1 0
github.com/bzed/pgproxy/parser/yaccpar:1553.0,1556.0 2 0
github.com/bzed/pgproxy/parser/yaccpar:1556.0,1558.0 1 0
github.com/bzed/pgproxy/parser/yaccpar:1559.0,1562.0 2 1
github.com/bzed/pgproxy/parser/yaccpar:1562.0,1564.0 1 1
github.com/bzed/pgproxy/parser/yaccpar:1565.0,1568.0 2 0
github.com/bzed/pgproxy/parser/yaccpar:1568.0,1570.0 1 0
github.com/bzed/pgproxy/parser/yaccpar:1571.0,1574.0 2 0
github.com/bzed/pgproxy/parser/yaccpar:1574.0,1575.0 1 0
github.com/bzed/pgproxy/parser/yaccpar:1575.0,1578.0 2 0
github.com/bzed/pgproxy/parser/yaccpar:1579.0,1579.0 1 0
github.com/bzed/pgproxy/parser/yaccpar:1579.0,1582.0 2 0
github.com/bzed/pgproxy/parser/yaccpar:1583.0,1583.0 1 0
github.com/bzed/pgproxy/parser/yaccpar:1585.0,1588.0 2 1
github.com/bzed/pgproxy/parser/yaccpar:1588.0,1590.0 1 1
github.com/bzed/pgproxy/parser/yaccpar:1591.0,1594.0 2 0
github.com/bzed/pgproxy/parser/yaccpar:1594.0,1596.0 1 0
github.com/bzed/pgproxy/parser/yaccpar:1597.0,1600.0 2 0
github.com/bzed/pgproxy/parser/yaccpar:1600.0,1602.0 1 0
github.com/bzed/pgproxy/parser/yaccpar:1603.0,1606.0 2 0
github.com/bzed/pgproxy/parser/yaccpar:1606.0,1608.0 1 0
github.com/bzed/pgproxy/parser/yaccpar:1609.0,1612.0 2 1
github.com/bzed/pgproxy/parser/yaccpar:1612.0,1614.0 1 1
github.com/bzed/pgproxy/parser/yaccpar:1615.0,1618.0 2 0
github.com/bzed/pgproxy/parser/yaccpar:1618.0,1620.0 1 0
github.com/bzed/pgproxy/parser/yaccpar:1621.0,1624.0 2 1
github.com/bzed/pgproxy/parser/yaccpar:1624.0,1626.0 1 1
github.com/bzed/pgproxy/parser/yaccpar:1627.0,1630.0 2 0
github.com/bzed/pgproxy/parser/yaccpar:1630.0,1632.0 1 0
github.com/bzed/pgproxy/parser/yaccpar:1633.0,1636.0 2 1
github.com/bzed/pgproxy/parser/yaccpar:1636.0,1638.0 1 1
github.com/bzed/pgproxy/parser/yaccpar:1639.0,1642.0 2 0
github.com/bzed/pgproxy/parser/yaccpar:1642.0,1644.0 1 0
github.com/bzed/pgproxy/parser/yaccpar:1645.0,1648.0 2 1
github.com/bzed/pgproxy/parser/yaccpar:1648.0,1650.0 1 1
github.com/bzed/pgproxy/parser/yaccpar:1651.0,1654.0 2 0
github.com/bzed/pgproxy/parser/yaccpar:1654.0,1656.0 1 0
github.com/bzed/pgproxy/parser/yaccpar:1657.0,1660.0 2 0
github.com/bzed/pgproxy/parser/yaccpar:1660.0,1662.0 1 0
github.com/bzed/pgproxy/parser/yaccpar:1663.0,1666.0 2 0
github.com/bzed/pgproxy/parser/yaccpar:1666.0,1668.0 1 0
github.com/bzed/pgproxy/parser/yaccpar:1669.0,1672.0 2 0
github.com/bzed/pgproxy/parser/yaccpar:1672.0,1674.0 1 0
github.com/bzed/pgproxy/parser/yaccpar:1675.0,1678.0 2 0
github.com/bzed/pgproxy/parser/yaccpar:1678.0,1680.0 1 0
github.com/bzed/pgproxy/parser/yaccpar:1681.0,1684.0 2 0
github.com/bzed/pgproxy/parser/yaccpar:1684.0,1686.0 1 0
github.com/bzed/pgproxy/parser/yaccpar:1687.0,1690.0 2 1
github.com/bzed/pgproxy/parser/yaccpar:1690.0,1692.0 1 1
github.com/bzed/pgproxy/parser/yaccpar:1693.0,1696.0 2 0
github.com/bzed/pgproxy/parser/yaccpar:1696.0,1698.0 1 0
github.com/bzed/pgproxy/parser/yaccpar:1699.0,1702.0 2 0
github.com/bzed/pgproxy/parser/yaccpar:1702.0,1704.0 1 0
github.com/bzed/pgproxy/parser/yaccpar:1705.0,1708.0 2 0
github.com/bzed/pgproxy/parser/yaccpar:1708.0,1710.0 1 0
github.com/bzed/pgproxy/parser/yaccpar:1711.0,1714.0 2 0
github.com/bzed/pgproxy/parser/yaccpar:1714.0,1716.0 1 0
github.com/bzed/pgproxy/parser/yaccpar:1717.0,1720.0 2 0
github.com/bzed/pgproxy/parser/yaccpar:1720.0,1722.0 1 0
github.com/bzed/pgproxy/parser/yaccpar:1723.0,1726.0 2 0
github.com/bzed/pgproxy/parser/yaccpar:1726.0,1728.0 1 0
github.com/bzed/pgproxy/parser/yaccpar:1729.0,1732.0 2 0
github.com/bzed/pgproxy/parser/yaccpar:1732.0,1734.0 1 0
github.com/bzed/pgproxy/parser/yaccpar:1735.0,1738.0 2 0
github.com/bzed/pgproxy/parser/yaccpar:1738.0,1740.0 1 0
github.com/bzed/pgproxy/parser/yaccpar:1741.0,1744.0 2 0
github.com/bzed/pgproxy/parser/yaccpar:1744.0,1746.0 1 0
github.com/bzed/pgproxy/parser/yaccpar:1747.0,1750.0 2 0
github.com/bzed/pgproxy/parser/yaccpar:1750.0,1752.0 1 0
github.com/bzed/pgproxy/parser/yaccpar:1753.0,1756.0 2 0
github.com/bzed/pgproxy/parser/yaccpar:1756.0,1758.0 1 0
github.com/bzed/pgproxy/parser/yaccpar:1759.0,1762.0 2 0
github.com/bzed/pgproxy/parser/yaccpar:1762.0,1764.0 1 0
github.com/bzed/pgproxy/parser/yaccpar:1765.0,1768.0 2 0
github.com/bzed/pgproxy/parser/yaccpar:1768.0,1770.0 1 0
github.com/bzed/pgproxy/parser/yaccpar:1771.0,1774.0 2 0
github.com/bzed/pgproxy/parser/yaccpar:1774.0,1776.0 1 0
github.com/bzed/pgproxy/parser/yaccpar:1777.0,1780.0 2 1
github.com/bzed/pgproxy/parser/yaccpar:1780.0,1782.0 1 1
github.com/bzed/pgproxy/parser/yaccpar:1783.0,1786.0 2 0
github.com/bzed/pgproxy/parser/yaccpar:1786.0,1788.0 1 0
github.com/bzed/pgproxy/parser/yaccpar:1790.0,1790.0 1 1
github.com/bzed/pgproxy/main.go:25.13,32.2 1 0
github.com/bzed/pgproxy/main.go:38.51,42.16 3 1
github.com/bzed/pgproxy/main.go:42.16,46.3 2 1
github.com/bzed/pgproxy/main.go:48.2,60.36 4 1
github.com/bzed/pgproxy/main.go:63.56,65.16 2 1
github.com/bzed/pgproxy/main.go:65.16,67.3 1 0
github.com/bzed/pgproxy/main.go:69.2,69.28 1 1
github.com/bzed/pgproxy/main.go:69.28,71.3 1 1
github.com/bzed/pgproxy/main.go:72.2,73.16 2 1
github.com/bzed/pgproxy/main.go:73.16,75.3 1 1
github.com/bzed/pgproxy/main.go:77.2,77.21 1 1
github.com/bzed/pgproxy/main.go:77.21,79.3 1 0
github.com/bzed/pgproxy/main.go:81.2,81.22 1 1
github.com/bzed/pgproxy/main.go:84.48,88.57 3 1
github.com/bzed/pgproxy/main.go:88.57,91.3 2 1
github.com/bzed/pgproxy/main.go:92.2,92.16 1 1
github.com/bzed/pgproxy/main.go:95.55,99.2 3 1
github.com/bzed/pgproxy/examples/package_example/package_example.go:12.13,19.9 4 0
github.com/bzed/pgproxy/examples/package_example/package_example.go:20.16,21.40 1 0
github.com/bzed/pgproxy/examples/client_example/client_example.go:10.13,12.16 2 0
github.com/bzed/pgproxy/examples/client_example/client_example.go:12.16,14.3 1 0
github.com/bzed/pgproxy/examples/client_example/client_example.go:17.2,20.15 3 0
github.com/bzed/pgproxy/examples/client_example/client_example.go:20.15,22.17 2 0
github.com/bzed/pgproxy/examples/client_example/client_example.go:22.17,24.4 1 0
github.com/bzed/pgproxy/examples/client_example/client_example.go:27.2,28.16 2 0
github.com/bzed/pgproxy/examples/client_example/client_example.go:28.16,30.3 1 0
github.com/bzed/pgproxy/examples/client_example/client_example.go:30.8,31.19 1 0
github.com/bzed/pgproxy/examples/client_example/client_example.go:31.19,34.41 2 0
github.com/bzed/pgproxy/examples/client_example/client_example.go:34.41,36.5 1 0
github.com/bzed/pgproxy/examples/client_example/client_example.go:36.10,38.5 1 0
github.com/bzed/pgproxy/proxy/formate.go:30.35,32.16 2 0
github.com/bzed/pgproxy/proxy/formate.go:32.16,34.3 1 0
github.com/bzed/pgproxy/proxy/formate.go:35.2,39.18 5 0
github.com/bzed/pgproxy/proxy/formate.go:39.18,42.26 3 0
github.com/bzed/pgproxy/proxy/formate.go:42.26,44.4 1 0
github.com/bzed/pgproxy/proxy/formate.go:47.3,47.54 1 0
github.com/bzed/pgproxy/proxy/formate.go:47.54,49.4 1 0
github.com/bzed/pgproxy/proxy/formate.go:53.3,54.23 2 0
github.com/bzed/pgproxy/proxy/formate.go:54.23,57.4 2 0
github.com/bzed/pgproxy/proxy/formate.go:59.3,60.20 2 0
github.com/bzed/pgproxy/proxy/formate.go:62.2,62.25 1 0
github.com/bzed/pgproxy/proxy/formate.go:62.25,64.3 1 0
github.com/bzed/pgproxy/proxy/formate.go:65.2,66.15 2 0
github.com/bzed/pgproxy/proxy/formate.go:66.15,68.3 1 0
github.com/bzed/pgproxy/proxy/formate.go:75.37,77.16 2 0
github.com/bzed/pgproxy/proxy/formate.go:77.16,79.3 1 0
github.com/bzed/pgproxy/proxy/formate.go:79.8,81.3 1 0
github.com/bzed/pgproxy/proxy/formate.go:85.49,86.27 1 0
github.com/bzed/pgproxy/proxy/formate.go:87.14,88.11 1 0
github.com/bzed/pgproxy/proxy/formate.go:89.13,90.34 1 0
github.com/bzed/pgproxy/proxy/formate.go:91.14,92.19 1 0
github.com/bzed/pgproxy/proxy/formate.go:93.10,94.12 1 0
github.com/bzed/pgproxy/proxy/proxy.go:31.59,39.6 6 1
github.com/bzed/pgproxy/proxy/proxy.go:39.6,41.17 2 1
github.com/bzed/pgproxy/proxy/proxy.go:41.17,43.12 2 0
github.com/bzed/pgproxy/proxy/proxy.go:45.3,57.24 3 1
github.com/bzed/pgproxy/proxy/proxy.go:62.53,64.16 2 1
github.com/bzed/pgproxy/proxy/proxy.go:64.16,66.3 1 0
github.com/bzed/pgproxy/proxy/proxy.go:67.2,67.13 1 1
github.com/bzed/pgproxy/proxy/proxy.go:71.54,73.16 2 1
github.com/bzed/pgproxy/proxy/proxy.go:73.16,75.3 1 0
github.com/bzed/pgproxy/proxy/proxy.go:76.2,76.17 1 1
github.com/bzed/pgproxy/proxy/proxy.go:95.36,96.34 1 1
github.com/bzed/pgproxy/proxy/proxy.go:96.34,98.3 1 1
github.com/bzed/pgproxy/proxy/proxy.go:99.2,99.28 1 1
github.com/bzed/pgproxy/proxy/proxy.go:102.37,104.39 1 1
github.com/bzed/pgproxy/proxy/proxy.go:104.39,107.3 2 1
github.com/bzed/pgproxy/proxy/proxy.go:112.87,123.2 1 0
github.com/bzed/pgproxy/proxy/proxy.go:126.42,127.13 1 1
github.com/bzed/pgproxy/proxy/proxy.go:127.13,129.3 1 1
github.com/bzed/pgproxy/proxy/proxy.go:130.2,130.19 1 1
github.com/bzed/pgproxy/proxy/proxy.go:130.19,132.3 1 1
github.com/bzed/pgproxy/proxy/proxy.go:133.2,134.16 2 1
github.com/bzed/pgproxy/proxy/proxy.go:138.42,142.16 3 1
github.com/bzed/pgproxy/proxy/proxy.go:142.16,145.3 2 0
github.com/bzed/pgproxy/proxy/proxy.go:146.2,152.12 5 1
github.com/bzed/pgproxy/proxy/proxy.go:168.40,169.17 1 1
github.com/bzed/pgproxy/proxy/proxy.go:170.38,171.14 1 1
github.com/bzed/pgproxy/proxy/proxy.go:173.2,173.14 1 1
github.com/bzed/pgproxy/proxy/proxy.go:177.88,181.6 3 1
github.com/bzed/pgproxy/proxy/proxy.go:181.6,184.17 2 1
github.com/bzed/pgproxy/proxy/proxy.go:184.17,185.21 1 1
github.com/bzed/pgproxy/proxy/proxy.go:185.21,187.5 1 1
github.com/bzed/pgproxy/proxy/proxy.go:187.10,189.5 1 0
github.com/bzed/pgproxy/proxy/proxy.go:190.4,190.10 1 1
github.com/bzed/pgproxy/proxy/proxy.go:193.3,199.19 4 1
github.com/bzed/pgproxy/proxy/proxy.go:199.19,202.18 2 1
github.com/bzed/pgproxy/proxy/proxy.go:202.18,205.5 2 0
github.com/bzed/pgproxy/proxy/proxy.go:206.4,208.18 3 1
github.com/bzed/pgproxy/proxy/proxy.go:209.9,213.18 3 1
github.com/bzed/pgproxy/proxy/proxy.go:213.18,216.5 2 0
github.com/bzed/pgproxy/proxy/proxy.go:217.4,218.18 2 1
github.com/bzed/pgproxy/proxy/proxy.go:221.3,222.29 2 1
github.com/bzed/pgproxy/proxy/proxy.go:222.29,225.4 2 0
github.com/bzed/pgproxy/proxy/proxy.go:228.3,228.48 1 1
github.com/bzed/pgproxy/proxy/proxy.go:228.48,233.4 4 0
github.com/bzed/pgproxy/proxy/proxy.go:236.3,236.29 1 1
github.com/bzed/pgproxy/proxy/proxy.go:236.29,238.18 2 1
github.com/bzed/pgproxy/proxy/proxy.go:238.18,241.5 2 0
github.com/bzed/pgproxy/proxy/proxy.go:244.3,247.72 2 1
github.com/bzed/pgproxy/proxy/proxy.go:247.72,250.18 3 1
github.com/bzed/pgproxy/proxy/proxy.go:250.18,253.5 2 1
github.com/bzed/pgproxy/proxy/proxy.go:256.4,256.72 1 1
github.com/bzed/pgproxy/proxy/proxy.go:256.72,262.5 5 1
github.com/bzed/pgproxy/proxy/proxy.go:266.3,267.17 2 1
github.com/bzed/pgproxy/proxy/proxy.go:267.17,270.4 2 0
github.com/bzed/pgproxy/proxy/proxy.go:275.65,279.33 2 1
github.com/bzed/pgproxy/proxy/proxy.go:279.33,281.3 1 1
github.com/bzed/pgproxy/proxy/proxy.go:285.88,291.16 3 1
github.com/bzed/pgproxy/proxy/proxy.go:291.16,293.3 1 1
github.com/bzed/pgproxy/proxy/proxy.go:296.2,296.17 1 1
github.com/bzed/pgproxy/proxy/proxy.go:296.17,298.47 1 1
github.com/bzed/pgproxy/proxy/proxy.go:298.47,300.4 1 1
github.com/bzed/pgproxy/proxy/proxy.go:301.3,301.19 1 1
github.com/bzed/pgproxy/proxy/proxy.go:305.2,305.55 1 1
github.com/bzed/pgproxy/proxy/proxy.go:305.55,307.3 1 0
github.com/bzed/pgproxy/proxy/proxy.go:308.2,308.21 1 1
